{"/Users/harry/Development/study/node-todo/src/app.module.ts": {"path":"/Users/harry/Development/study/node-todo/src/app.module.ts","statementMap":{"0":{"start":{"line":1,"column":0},"end":{"line":1,"column":40}},"1":{"start":{"line":2,"column":0},"end":{"line":2,"column":48}},"2":{"start":{"line":3,"column":0},"end":{"line":3,"column":50}},"3":{"start":{"line":4,"column":0},"end":{"line":4,"column":41}},"4":{"start":{"line":5,"column":0},"end":{"line":5,"column":50}},"5":{"start":{"line":12,"column":0},"end":{"line":12,"column":null}},"6":{"start":{"line":12,"column":13},"end":{"line":12,"column":null}},"7":{"start":{"line":12,"column":13},"end":{"line":12,"column":22}}},"fnMap":{},"branchMap":{},"s":{"0":3,"1":3,"2":3,"3":3,"4":3,"5":3,"6":3,"7":3},"f":{},"b":{}}
,"/Users/harry/Development/study/node-todo/src/config.ts": {"path":"/Users/harry/Development/study/node-todo/src/config.ts","statementMap":{"0":{"start":{"line":1,"column":0},"end":{"line":1,"column":27}},"1":{"start":{"line":2,"column":0},"end":{"line":2,"column":25}},"2":{"start":{"line":3,"column":0},"end":{"line":3,"column":29}},"3":{"start":{"line":4,"column":0},"end":{"line":4,"column":40}},"4":{"start":{"line":6,"column":15},"end":{"line":6,"column":35}},"5":{"start":{"line":9,"column":4},"end":{"line":9,"column":27}},"6":{"start":{"line":10,"column":4},"end":{"line":10,"column":27}},"7":{"start":{"line":11,"column":4},"end":{"line":11,"column":34}},"8":{"start":{"line":12,"column":4},"end":{"line":12,"column":38}},"9":{"start":{"line":13,"column":4},"end":{"line":13,"column":57}},"10":{"start":{"line":14,"column":4},"end":{"line":14,"column":72}},"11":{"start":{"line":15,"column":4},"end":{"line":15,"column":90}},"12":{"start":{"line":16,"column":4},"end":{"line":16,"column":63}},"13":{"start":{"line":17,"column":4},"end":{"line":17,"column":60}},"14":{"start":{"line":18,"column":4},"end":{"line":18,"column":39}},"15":{"start":{"line":19,"column":4},"end":{"line":19,"column":49}},"16":{"start":{"line":20,"column":4},"end":{"line":20,"column":37}},"17":{"start":{"line":21,"column":4},"end":{"line":21,"column":57}},"18":{"start":{"line":22,"column":4},"end":{"line":22,"column":36}},"19":{"start":{"line":23,"column":4},"end":{"line":23,"column":37}},"20":{"start":{"line":26,"column":8},"end":{"line":26,"column":32}},"21":{"start":{"line":30,"column":8},"end":{"line":30,"column":25}},"22":{"start":{"line":34,"column":8},"end":{"line":34,"column":47}},"23":{"start":{"line":35,"column":8},"end":{"line":39,"column":null}},"24":{"start":{"line":36,"column":12},"end":{"line":38,"column":null}},"25":{"start":{"line":37,"column":16},"end":{"line":37,"column":54}},"26":{"start":{"line":40,"column":8},"end":{"line":40,"column":27}},"27":{"start":{"line":44,"column":23},"end":{"line":44,"column":53}},"28":{"start":{"line":45,"column":8},"end":{"line":51,"column":null}},"29":{"start":{"line":46,"column":12},"end":{"line":50,"column":null}},"30":{"start":{"line":47,"column":30},"end":{"line":47,"column":44}},"31":{"start":{"line":48,"column":39},"end":{"line":48,"column":77}},"32":{"start":{"line":49,"column":16},"end":{"line":49,"column":48}},"33":{"start":{"line":56,"column":8},"end":{"line":61,"column":null}},"34":{"start":{"line":57,"column":12},"end":{"line":60,"column":14}},"35":{"start":{"line":59,"column":24},"end":{"line":59,"column":69}},"36":{"start":{"line":62,"column":8},"end":{"line":62,"column":24}},"37":{"start":{"line":8,"column":0},"end":{"line":8,"column":13}},"38":{"start":{"line":66,"column":23},"end":{"line":66,"column":72}},"39":{"start":{"line":67,"column":26},"end":{"line":67,"column":102}},"40":{"start":{"line":68,"column":19},"end":{"line":68,"column":69}},"41":{"start":{"line":69,"column":22},"end":{"line":69,"column":75}},"42":{"start":{"line":70,"column":15},"end":{"line":70,"column":116}},"43":{"start":{"line":72,"column":9},"end":{"line":72,"column":15}},"44":{"start":{"line":75,"column":4},"end":{"line":75,"column":26}},"45":{"start":{"line":76,"column":4},"end":{"line":87,"column":null}},"46":{"start":{"line":77,"column":8},"end":{"line":86,"column":null}},"47":{"start":{"line":78,"column":27},"end":{"line":78,"column":78}},"48":{"start":{"line":79,"column":27},"end":{"line":79,"column":43}},"49":{"start":{"line":81,"column":12},"end":{"line":85,"column":null}},"50":{"start":{"line":82,"column":16},"end":{"line":82,"column":54}},"51":{"start":{"line":84,"column":16},"end":{"line":84,"column":40}},"52":{"start":{"line":88,"column":4},"end":{"line":88,"column":18}},"53":{"start":{"line":92,"column":23},"end":{"line":92,"column":56}},"54":{"start":{"line":93,"column":4},"end":{"line":102,"column":null}},"55":{"start":{"line":94,"column":8},"end":{"line":101,"column":null}},"56":{"start":{"line":95,"column":26},"end":{"line":95,"column":41}},"57":{"start":{"line":96,"column":12},"end":{"line":100,"column":null}},"58":{"start":{"line":97,"column":16},"end":{"line":99,"column":null}},"59":{"start":{"line":98,"column":20},"end":{"line":98,"column":41}},"60":{"start":{"line":104,"column":4},"end":{"line":104,"column":16}}},"fnMap":{"0":{"name":"(anonymous_2)","decl":{"start":{"line":25,"column":4},"end":{"line":25,"column":16}},"loc":{"start":{"line":25,"column":26},"end":{"line":27,"column":5}}},"1":{"name":"(anonymous_3)","decl":{"start":{"line":29,"column":11},"end":{"line":29,"column":14}},"loc":{"start":{"line":29,"column":26},"end":{"line":31,"column":5}}},"2":{"name":"(anonymous_4)","decl":{"start":{"line":33,"column":11},"end":{"line":33,"column":17}},"loc":{"start":{"line":33,"column":28},"end":{"line":41,"column":5}}},"3":{"name":"(anonymous_5)","decl":{"start":{"line":43,"column":11},"end":{"line":43,"column":22}},"loc":{"start":{"line":43,"column":22},"end":{"line":52,"column":5}}},"4":{"name":"(anonymous_6)","decl":{"start":{"line":54,"column":12},"end":{"line":54,"column":27}},"loc":{"start":{"line":54,"column":47},"end":{"line":63,"column":5}}},"5":{"name":"(anonymous_7)","decl":{"start":{"line":59,"column":16},"end":{"line":59,"column":20}},"loc":{"start":{"line":59,"column":24},"end":{"line":59,"column":69}}},"6":{"name":"objectToArray","decl":{"start":{"line":74,"column":9},"end":{"line":74,"column":22}},"loc":{"start":{"line":74,"column":51},"end":{"line":89,"column":1}}},"7":{"name":"ipAddress","decl":{"start":{"line":91,"column":9},"end":{"line":91,"column":18}},"loc":{"start":{"line":91,"column":18},"end":{"line":105,"column":1}}}},"branchMap":{"0":{"loc":{"start":{"line":36,"column":12},"end":{"line":38,"column":null}},"type":"if","locations":[{"start":{"line":36,"column":12},"end":{"line":38,"column":null}}]},"1":{"loc":{"start":{"line":46,"column":12},"end":{"line":50,"column":null}},"type":"if","locations":[{"start":{"line":46,"column":12},"end":{"line":50,"column":null}}]},"2":{"loc":{"start":{"line":56,"column":8},"end":{"line":61,"column":null}},"type":"if","locations":[{"start":{"line":56,"column":8},"end":{"line":61,"column":null}}]},"3":{"loc":{"start":{"line":75,"column":13},"end":{"line":75,"column":25}},"type":"binary-expr","locations":[{"start":{"line":75,"column":13},"end":{"line":75,"column":19}},{"start":{"line":75,"column":23},"end":{"line":75,"column":25}}]},"4":{"loc":{"start":{"line":77,"column":8},"end":{"line":86,"column":null}},"type":"if","locations":[{"start":{"line":77,"column":8},"end":{"line":86,"column":null}}]},"5":{"loc":{"start":{"line":78,"column":27},"end":{"line":78,"column":78}},"type":"cond-expr","locations":[{"start":{"line":78,"column":40},"end":{"line":78,"column":67}},{"start":{"line":78,"column":70},"end":{"line":78,"column":78}}]},"6":{"loc":{"start":{"line":81,"column":12},"end":{"line":85,"column":null}},"type":"if","locations":[{"start":{"line":81,"column":12},"end":{"line":85,"column":null}},{"start":{"line":83,"column":19},"end":{"line":85,"column":null}}]},"7":{"loc":{"start":{"line":94,"column":8},"end":{"line":101,"column":null}},"type":"if","locations":[{"start":{"line":94,"column":8},"end":{"line":101,"column":null}}]},"8":{"loc":{"start":{"line":97,"column":16},"end":{"line":99,"column":null}},"type":"if","locations":[{"start":{"line":97,"column":16},"end":{"line":99,"column":null}}]},"9":{"loc":{"start":{"line":97,"column":20},"end":{"line":97,"column":95}},"type":"binary-expr","locations":[{"start":{"line":97,"column":20},"end":{"line":97,"column":43}},{"start":{"line":97,"column":47},"end":{"line":97,"column":76}},{"start":{"line":97,"column":80},"end":{"line":97,"column":95}}]}},"s":{"0":3,"1":3,"2":3,"3":3,"4":3,"5":3,"6":3,"7":3,"8":3,"9":3,"10":3,"11":3,"12":3,"13":3,"14":3,"15":3,"16":3,"17":3,"18":3,"19":3,"20":3,"21":15,"22":3,"23":3,"24":48,"25":48,"26":3,"27":3,"28":3,"29":54,"30":54,"31":54,"32":54,"33":54,"34":39,"35":0,"36":15,"37":3,"38":3,"39":3,"40":3,"41":3,"42":3,"43":3,"44":69,"45":69,"46":156,"47":156,"48":156,"49":156,"50":60,"51":96,"52":69,"53":3,"54":3,"55":9,"56":9,"57":9,"58":18,"59":3,"60":0},"f":{"0":3,"1":15,"2":3,"3":3,"4":54,"5":0,"6":69,"7":3},"b":{"0":[48],"1":[54],"2":[39],"3":[69,9],"4":[156],"5":[99,57],"6":[60,96],"7":[9],"8":[3],"9":[18,6,3]}}
,"/Users/harry/Development/study/node-todo/src/orm.config.ts": {"path":"/Users/harry/Development/study/node-todo/src/orm.config.ts","statementMap":{"0":{"start":{"line":4,"column":23},"end":{"line":12,"column":6}},"1":{"start":{"line":14,"column":42},"end":{"line":24,"column":6}},"2":{"start":{"line":26,"column":4},"end":{"line":42,"column":null}},"3":{"start":{"line":27,"column":8},"end":{"line":41,"column":10}},"4":{"start":{"line":44,"column":4},"end":{"line":57,"column":null}},"5":{"start":{"line":45,"column":8},"end":{"line":56,"column":10}},"6":{"start":{"line":58,"column":4},"end":{"line":58,"column":21}},"7":{"start":{"line":61,"column":9},"end":{"line":61,"column":18}}},"fnMap":{"0":{"name":"ormConfig","decl":{"start":{"line":3,"column":9},"end":{"line":3,"column":18}},"loc":{"start":{"line":3,"column":18},"end":{"line":59,"column":1}}}},"branchMap":{"0":{"loc":{"start":{"line":26,"column":4},"end":{"line":42,"column":null}},"type":"if","locations":[{"start":{"line":26,"column":4},"end":{"line":42,"column":null}}]},"1":{"loc":{"start":{"line":44,"column":4},"end":{"line":57,"column":null}},"type":"if","locations":[{"start":{"line":44,"column":4},"end":{"line":57,"column":null}}]}},"s":{"0":14,"1":14,"2":14,"3":0,"4":14,"5":14,"6":14,"7":3},"f":{"0":14},"b":{"0":[0],"1":[14]}}
,"/Users/harry/Development/study/node-todo/src/client/header-util.ts": {"path":"/Users/harry/Development/study/node-todo/src/client/header-util.ts","statementMap":{"0":{"start":{"line":1,"column":0},"end":{"line":1,"column":35}},"1":{"start":{"line":5,"column":24},"end":{"line":5,"column":56}},"2":{"start":{"line":6,"column":26},"end":{"line":6,"column":30}},"3":{"start":{"line":10,"column":8},"end":{"line":10,"column":60}},"4":{"start":{"line":11,"column":8},"end":{"line":11,"column":59}},"5":{"start":{"line":15,"column":8},"end":{"line":15,"column":24}},"6":{"start":{"line":16,"column":24},"end":{"line":18,"column":76}},"7":{"start":{"line":19,"column":8},"end":{"line":19,"column":46}},"8":{"start":{"line":23,"column":8},"end":{"line":23,"column":24}},"9":{"start":{"line":24,"column":24},"end":{"line":26,"column":72}},"10":{"start":{"line":27,"column":8},"end":{"line":27,"column":46}},"11":{"start":{"line":31,"column":8},"end":{"line":31,"column":24}},"12":{"start":{"line":32,"column":24},"end":{"line":34,"column":72}},"13":{"start":{"line":35,"column":8},"end":{"line":35,"column":46}},"14":{"start":{"line":39,"column":20},"end":{"line":39,"column":31}},"15":{"start":{"line":40,"column":8},"end":{"line":40,"column":56}},"16":{"start":{"line":41,"column":27},"end":{"line":41,"column":45}},"17":{"start":{"line":42,"column":25},"end":{"line":42,"column":43}},"18":{"start":{"line":43,"column":22},"end":{"line":43,"column":24}},"19":{"start":{"line":44,"column":8},"end":{"line":46,"column":null}},"20":{"start":{"line":45,"column":12},"end":{"line":45,"column":80}},"21":{"start":{"line":47,"column":8},"end":{"line":49,"column":null}},"22":{"start":{"line":48,"column":12},"end":{"line":48,"column":80}},"23":{"start":{"line":50,"column":8},"end":{"line":50,"column":76}},"24":{"start":{"line":51,"column":8},"end":{"line":51,"column":64}},"25":{"start":{"line":52,"column":8},"end":{"line":52,"column":41}},"26":{"start":{"line":56,"column":8},"end":{"line":56,"column":48}},"27":{"start":{"line":57,"column":8},"end":{"line":57,"column":49}},"28":{"start":{"line":58,"column":8},"end":{"line":58,"column":47}},"29":{"start":{"line":59,"column":8},"end":{"line":59,"column":61}},"30":{"start":{"line":60,"column":8},"end":{"line":60,"column":44}},"31":{"start":{"line":8,"column":0},"end":{"line":8,"column":13}}},"fnMap":{"0":{"name":"(anonymous_0)","decl":{"start":{"line":9,"column":4},"end":{"line":9,"column":10}},"loc":{"start":{"line":9,"column":68},"end":{"line":12,"column":5}}},"1":{"name":"(anonymous_1)","decl":{"start":{"line":14,"column":4},"end":{"line":14,"column":10}},"loc":{"start":{"line":14,"column":67},"end":{"line":20,"column":5}}},"2":{"name":"(anonymous_2)","decl":{"start":{"line":22,"column":4},"end":{"line":22,"column":10}},"loc":{"start":{"line":22,"column":67},"end":{"line":28,"column":5}}},"3":{"name":"(anonymous_3)","decl":{"start":{"line":30,"column":4},"end":{"line":30,"column":10}},"loc":{"start":{"line":30,"column":67},"end":{"line":36,"column":5}}},"4":{"name":"(anonymous_4)","decl":{"start":{"line":38,"column":4},"end":{"line":38,"column":10}},"loc":{"start":{"line":38,"column":63},"end":{"line":53,"column":5}}},"5":{"name":"(anonymous_5)","decl":{"start":{"line":55,"column":12},"end":{"line":55,"column":18}},"loc":{"start":{"line":55,"column":65},"end":{"line":61,"column":5}}}},"branchMap":{"0":{"loc":{"start":{"line":16,"column":24},"end":{"line":18,"column":76}},"type":"cond-expr","locations":[{"start":{"line":17,"column":14},"end":{"line":17,"column":61}},{"start":{"line":18,"column":14},"end":{"line":18,"column":76}}]},"1":{"loc":{"start":{"line":24,"column":24},"end":{"line":26,"column":72}},"type":"cond-expr","locations":[{"start":{"line":25,"column":14},"end":{"line":25,"column":61}},{"start":{"line":26,"column":14},"end":{"line":26,"column":72}}]},"2":{"loc":{"start":{"line":32,"column":24},"end":{"line":34,"column":72}},"type":"cond-expr","locations":[{"start":{"line":33,"column":14},"end":{"line":33,"column":61}},{"start":{"line":34,"column":14},"end":{"line":34,"column":72}}]},"3":{"loc":{"start":{"line":44,"column":8},"end":{"line":46,"column":null}},"type":"if","locations":[{"start":{"line":44,"column":8},"end":{"line":46,"column":null}}]},"4":{"loc":{"start":{"line":47,"column":8},"end":{"line":49,"column":null}},"type":"if","locations":[{"start":{"line":47,"column":8},"end":{"line":49,"column":null}}]}},"s":{"0":3,"1":3,"2":3,"3":7,"4":7,"5":4,"6":4,"7":4,"8":1,"9":1,"10":1,"11":2,"12":2,"13":2,"14":2,"15":2,"16":2,"17":2,"18":2,"19":2,"20":1,"21":2,"22":0,"23":2,"24":2,"25":2,"26":5,"27":5,"28":5,"29":5,"30":5,"31":3},"f":{"0":7,"1":4,"2":1,"3":2,"4":2,"5":5},"b":{"0":[4,0],"1":[1,0],"2":[2,0],"3":[1],"4":[0]}}
,"/Users/harry/Development/study/node-todo/src/client/interceptors/logging.interceptor.ts": {"path":"/Users/harry/Development/study/node-todo/src/client/interceptors/logging.interceptor.ts","statementMap":{"0":{"start":{"line":1,"column":0},"end":{"line":1,"column":100}},"1":{"start":{"line":6,"column":0},"end":{"line":15,"column":null}},"2":{"start":{"line":8,"column":29},"end":{"line":8,"column":64}},"3":{"start":{"line":9,"column":8},"end":{"line":12,"column":10}},"4":{"start":{"line":13,"column":8},"end":{"line":13,"column":29}},"5":{"start":{"line":6,"column":13},"end":{"line":15,"column":null}},"6":{"start":{"line":6,"column":13},"end":{"line":6,"column":31}}},"fnMap":{"0":{"name":"(anonymous_1)","decl":{"start":{"line":7,"column":4},"end":{"line":7,"column":13}},"loc":{"start":{"line":7,"column":58},"end":{"line":14,"column":5}}}},"branchMap":{},"s":{"0":3,"1":3,"2":13,"3":13,"4":13,"5":3,"6":3},"f":{"0":13},"b":{}}
,"/Users/harry/Development/study/node-todo/src/domain/authority.entity.ts": {"path":"/Users/harry/Development/study/node-todo/src/domain/authority.entity.ts","statementMap":{"0":{"start":{"line":1,"column":0},"end":{"line":1,"column":48}},"1":{"start":{"line":2,"column":0},"end":{"line":2,"column":51}},"2":{"start":{"line":5,"column":0},"end":{"line":9,"column":null}},"3":{"start":{"line":8,"column":4},"end":{"line":8,"column":null}},"4":{"start":{"line":5,"column":13},"end":{"line":9,"column":null}},"5":{"start":{"line":5,"column":13},"end":{"line":5,"column":22}}},"fnMap":{},"branchMap":{},"s":{"0":3,"1":3,"2":3,"3":3,"4":3,"5":3},"f":{},"b":{}}
,"/Users/harry/Development/study/node-todo/src/domain/todo.entity.ts": {"path":"/Users/harry/Development/study/node-todo/src/domain/todo.entity.ts","statementMap":{"0":{"start":{"line":1,"column":0},"end":{"line":1,"column":108}},"1":{"start":{"line":2,"column":0},"end":{"line":2,"column":48}},"2":{"start":{"line":8,"column":0},"end":{"line":17,"column":null}},"3":{"start":{"line":10,"column":4},"end":{"line":10,"column":null}},"4":{"start":{"line":13,"column":4},"end":{"line":13,"column":null}},"5":{"start":{"line":16,"column":4},"end":{"line":16,"column":null}},"6":{"start":{"line":8,"column":13},"end":{"line":17,"column":null}},"7":{"start":{"line":8,"column":13},"end":{"line":8,"column":17}}},"fnMap":{},"branchMap":{},"s":{"0":3,"1":3,"2":3,"3":3,"4":3,"5":3,"6":3,"7":3},"f":{},"b":{}}
,"/Users/harry/Development/study/node-todo/src/domain/user.entity.ts": {"path":"/Users/harry/Development/study/node-todo/src/domain/user.entity.ts","statementMap":{"0":{"start":{"line":1,"column":0},"end":{"line":1,"column":47}},"1":{"start":{"line":2,"column":0},"end":{"line":2,"column":64}},"2":{"start":{"line":3,"column":0},"end":{"line":3,"column":48}},"3":{"start":{"line":4,"column":0},"end":{"line":4,"column":44}},"4":{"start":{"line":7,"column":0},"end":{"line":38,"column":null}},"5":{"start":{"line":9,"column":4},"end":{"line":9,"column":null}},"6":{"start":{"line":11,"column":4},"end":{"line":11,"column":null}},"7":{"start":{"line":13,"column":4},"end":{"line":13,"column":null}},"8":{"start":{"line":15,"column":4},"end":{"line":15,"column":null}},"9":{"start":{"line":17,"column":4},"end":{"line":17,"column":null}},"10":{"start":{"line":19,"column":4},"end":{"line":19,"column":null}},"11":{"start":{"line":23,"column":4},"end":{"line":23,"column":null}},"12":{"start":{"line":21,"column":22},"end":{"line":21,"column":31}},"13":{"start":{"line":29,"column":4},"end":{"line":29,"column":null}},"14":{"start":{"line":31,"column":4},"end":{"line":31,"column":null}},"15":{"start":{"line":33,"column":4},"end":{"line":33,"column":null}},"16":{"start":{"line":35,"column":4},"end":{"line":35,"column":null}},"17":{"start":{"line":37,"column":4},"end":{"line":37,"column":null}},"18":{"start":{"line":7,"column":13},"end":{"line":38,"column":null}},"19":{"start":{"line":7,"column":13},"end":{"line":7,"column":17}}},"fnMap":{"0":{"name":"(anonymous_2)","decl":{"start":{"line":21,"column":16},"end":{"line":21,"column":19}},"loc":{"start":{"line":21,"column":22},"end":{"line":21,"column":31}}}},"branchMap":{},"s":{"0":3,"1":3,"2":3,"3":3,"4":3,"5":3,"6":3,"7":3,"8":3,"9":3,"10":3,"11":3,"12":3,"13":3,"14":3,"15":3,"16":3,"17":3,"18":3,"19":3},"f":{"0":3},"b":{}}
,"/Users/harry/Development/study/node-todo/src/domain/base/base.entity.ts": {"path":"/Users/harry/Development/study/node-todo/src/domain/base/base.entity.ts","statementMap":{"0":{"start":{"line":1,"column":0},"end":{"line":1,"column":93}},"1":{"start":{"line":5,"column":4},"end":{"line":5,"column":null}},"2":{"start":{"line":8,"column":4},"end":{"line":8,"column":null}},"3":{"start":{"line":10,"column":4},"end":{"line":10,"column":null}},"4":{"start":{"line":12,"column":4},"end":{"line":12,"column":null}},"5":{"start":{"line":14,"column":4},"end":{"line":14,"column":null}},"6":{"start":{"line":3,"column":0},"end":{"line":3,"column":22}}},"fnMap":{},"branchMap":{},"s":{"0":3,"1":3,"2":3,"3":3,"4":3,"5":3,"6":3},"f":{},"b":{}}
,"/Users/harry/Development/study/node-todo/src/domain/base/pagination.entity.ts": {"path":"/Users/harry/Development/study/node-todo/src/domain/base/pagination.entity.ts","statementMap":{"0":{"start":{"line":2,"column":0},"end":{"line":2,"column":65}},"1":{"start":{"line":8,"column":8},"end":{"line":10,"column":null}},"2":{"start":{"line":9,"column":12},"end":{"line":9,"column":62}},"3":{"start":{"line":14,"column":22},"end":{"line":14,"column":24}},"4":{"start":{"line":15,"column":8},"end":{"line":15,"column":46}},"5":{"start":{"line":16,"column":8},"end":{"line":16,"column":21}},"6":{"start":{"line":4,"column":0},"end":{"line":4,"column":13}},"7":{"start":{"line":22,"column":4},"end":{"line":22,"column":13}},"8":{"start":{"line":24,"column":4},"end":{"line":24,"column":14}},"9":{"start":{"line":26,"column":4},"end":{"line":26,"column":36}},"10":{"start":{"line":29,"column":8},"end":{"line":29,"column":39}},"11":{"start":{"line":30,"column":8},"end":{"line":30,"column":39}},"12":{"start":{"line":31,"column":8},"end":{"line":31,"column":54}},"13":{"start":{"line":22,"column":4},"end":{"line":22,"column":null}},"14":{"start":{"line":24,"column":4},"end":{"line":24,"column":null}},"15":{"start":{"line":26,"column":4},"end":{"line":26,"column":null}},"16":{"start":{"line":25,"column":16},"end":{"line":25,"column":20}},"17":{"start":{"line":20,"column":0},"end":{"line":20,"column":13}},"18":{"start":{"line":36,"column":23},"end":{"line":36,"column":35}},"19":{"start":{"line":36,"column":44},"end":{"line":36,"column":57}},"20":{"start":{"line":36,"column":66},"end":{"line":36,"column":87}},"21":{"start":{"line":35,"column":0},"end":{"line":35,"column":13}}},"fnMap":{"0":{"name":"(anonymous_2)","decl":{"start":{"line":7,"column":4},"end":{"line":7,"column":16}},"loc":{"start":{"line":7,"column":28},"end":{"line":11,"column":5}}},"1":{"name":"(anonymous_3)","decl":{"start":{"line":13,"column":4},"end":{"line":13,"column":11}},"loc":{"start":{"line":13,"column":11},"end":{"line":17,"column":5}}},"2":{"name":"(anonymous_4)","decl":{"start":{"line":28,"column":4},"end":{"line":28,"column":16}},"loc":{"start":{"line":28,"column":74},"end":{"line":32,"column":5}}},"3":{"name":"(anonymous_5)","decl":{"start":{"line":25,"column":10},"end":{"line":25,"column":13}},"loc":{"start":{"line":25,"column":16},"end":{"line":25,"column":20}}},"4":{"name":"(anonymous_6)","decl":{"start":{"line":36,"column":4},"end":{"line":36,"column":23}},"loc":{"start":{"line":36,"column":87},"end":{"line":36,"column":91}}}},"branchMap":{"0":{"loc":{"start":{"line":8,"column":8},"end":{"line":10,"column":null}},"type":"if","locations":[{"start":{"line":8,"column":8},"end":{"line":10,"column":null}}]},"1":{"loc":{"start":{"line":29,"column":20},"end":{"line":29,"column":38}},"type":"binary-expr","locations":[{"start":{"line":29,"column":20},"end":{"line":29,"column":25}},{"start":{"line":29,"column":29},"end":{"line":29,"column":38}}]},"2":{"loc":{"start":{"line":30,"column":20},"end":{"line":30,"column":38}},"type":"binary-expr","locations":[{"start":{"line":30,"column":20},"end":{"line":30,"column":25}},{"start":{"line":30,"column":29},"end":{"line":30,"column":38}}]},"3":{"loc":{"start":{"line":31,"column":20},"end":{"line":31,"column":53}},"type":"cond-expr","locations":[{"start":{"line":31,"column":27},"end":{"line":31,"column":41}},{"start":{"line":31,"column":44},"end":{"line":31,"column":53}}]}},"s":{"0":3,"1":2,"2":2,"3":2,"4":2,"5":2,"6":3,"7":2,"8":2,"9":2,"10":2,"11":2,"12":2,"13":3,"14":3,"15":3,"16":0,"17":3,"18":2,"19":2,"20":2,"21":3},"f":{"0":2,"1":2,"2":2,"3":0,"4":2},"b":{"0":[2],"1":[2,2],"2":[2,2],"3":[0,2]}}
,"/Users/harry/Development/study/node-todo/src/migrations/1570200270081-CreateTables.ts": {"path":"/Users/harry/Development/study/node-todo/src/migrations/1570200270081-CreateTables.ts","statementMap":{"0":{"start":{"line":5,"column":8},"end":{"line":11,"column":null}},"1":{"start":{"line":6,"column":12},"end":{"line":8,"column":null}},"2":{"start":{"line":7,"column":16},"end":{"line":7,"column":54}},"3":{"start":{"line":10,"column":12},"end":{"line":10,"column":55}},"4":{"start":{"line":3,"column":0},"end":{"line":3,"column":13}}},"fnMap":{"0":{"name":"(anonymous_0)","decl":{"start":{"line":4,"column":11},"end":{"line":4,"column":16}},"loc":{"start":{"line":4,"column":44},"end":{"line":12,"column":5}}},"1":{"name":"(anonymous_1)","decl":{"start":{"line":14,"column":11},"end":{"line":14,"column":16}},"loc":{"start":{"line":14,"column":46},"end":{"line":14,"column":64}}}},"branchMap":{"0":{"loc":{"start":{"line":5,"column":8},"end":{"line":11,"column":null}},"type":"if","locations":[{"start":{"line":5,"column":8},"end":{"line":11,"column":null}}]},"1":{"loc":{"start":{"line":6,"column":12},"end":{"line":8,"column":null}},"type":"if","locations":[{"start":{"line":6,"column":12},"end":{"line":8,"column":null}}]}},"s":{"0":3,"1":0,"2":0,"3":0,"4":3},"f":{"0":3,"1":0},"b":{"0":[0],"1":[0]}}
,"/Users/harry/Development/study/node-todo/src/migrations/1570200490072-SeedUsersRoles.ts": {"path":"/Users/harry/Development/study/node-todo/src/migrations/1570200490072-SeedUsersRoles.ts","statementMap":{"0":{"start":{"line":1,"column":0},"end":{"line":1,"column":73}},"1":{"start":{"line":3,"column":0},"end":{"line":3,"column":48}},"2":{"start":{"line":7,"column":4},"end":{"line":7,"column":46}},"3":{"start":{"line":9,"column":4},"end":{"line":9,"column":45}},"4":{"start":{"line":11,"column":4},"end":{"line":22,"column":6}},"5":{"start":{"line":24,"column":4},"end":{"line":35,"column":6}},"6":{"start":{"line":37,"column":4},"end":{"line":48,"column":6}},"7":{"start":{"line":50,"column":4},"end":{"line":61,"column":6}},"8":{"start":{"line":64,"column":36},"end":{"line":64,"column":66}},"9":{"start":{"line":66,"column":26},"end":{"line":66,"column":68}},"10":{"start":{"line":67,"column":25},"end":{"line":67,"column":67}},"11":{"start":{"line":69,"column":31},"end":{"line":69,"column":56}},"12":{"start":{"line":71,"column":8},"end":{"line":71,"column":55}},"13":{"start":{"line":72,"column":8},"end":{"line":72,"column":55}},"14":{"start":{"line":73,"column":8},"end":{"line":73,"column":44}},"15":{"start":{"line":75,"column":8},"end":{"line":75,"column":107}},"16":{"start":{"line":75,"column":84},"end":{"line":75,"column":104}},"17":{"start":{"line":77,"column":8},"end":{"line":77,"column":84}},"18":{"start":{"line":6,"column":0},"end":{"line":6,"column":13}}},"fnMap":{"0":{"name":"(anonymous_0)","decl":{"start":{"line":6,"column":0},"end":{"line":6,"column":13}},"loc":{"start":{"line":6,"column":0},"end":{"line":81,"column":1}}},"1":{"name":"(anonymous_1)","decl":{"start":{"line":63,"column":11},"end":{"line":63,"column":16}},"loc":{"start":{"line":63,"column":44},"end":{"line":78,"column":5}}},"2":{"name":"(anonymous_2)","decl":{"start":{"line":75,"column":79},"end":{"line":75,"column":80}},"loc":{"start":{"line":75,"column":84},"end":{"line":75,"column":104}}},"3":{"name":"(anonymous_3)","decl":{"start":{"line":80,"column":11},"end":{"line":80,"column":16}},"loc":{"start":{"line":80,"column":46},"end":{"line":80,"column":64}}}},"branchMap":{},"s":{"0":3,"1":3,"2":3,"3":3,"4":3,"5":3,"6":3,"7":3,"8":3,"9":3,"10":3,"11":3,"12":3,"13":3,"14":3,"15":3,"16":12,"17":3,"18":3},"f":{"0":3,"1":3,"2":12,"3":0},"b":{}}
,"/Users/harry/Development/study/node-todo/src/module/auth.module.ts": {"path":"/Users/harry/Development/study/node-todo/src/module/auth.module.ts","statementMap":{"0":{"start":{"line":1,"column":0},"end":{"line":1,"column":40}},"1":{"start":{"line":2,"column":0},"end":{"line":2,"column":54}},"2":{"start":{"line":3,"column":0},"end":{"line":3,"column":51}},"3":{"start":{"line":4,"column":0},"end":{"line":4,"column":50}},"4":{"start":{"line":5,"column":0},"end":{"line":5,"column":40}},"5":{"start":{"line":6,"column":0},"end":{"line":6,"column":64}},"6":{"start":{"line":7,"column":0},"end":{"line":7,"column":68}},"7":{"start":{"line":8,"column":0},"end":{"line":8,"column":35}},"8":{"start":{"line":9,"column":0},"end":{"line":9,"column":48}},"9":{"start":{"line":10,"column":0},"end":{"line":10,"column":73}},"10":{"start":{"line":12,"column":0},"end":{"line":12,"column":74}},"11":{"start":{"line":13,"column":0},"end":{"line":13,"column":67}},"12":{"start":{"line":29,"column":0},"end":{"line":29,"column":null}},"13":{"start":{"line":29,"column":13},"end":{"line":29,"column":null}},"14":{"start":{"line":29,"column":13},"end":{"line":29,"column":23}}},"fnMap":{},"branchMap":{},"s":{"0":3,"1":3,"2":3,"3":3,"4":3,"5":3,"6":3,"7":3,"8":3,"9":3,"10":3,"11":3,"12":3,"13":3,"14":3},"f":{},"b":{}}
,"/Users/harry/Development/study/node-todo/src/module/todo.module.ts": {"path":"/Users/harry/Development/study/node-todo/src/module/todo.module.ts","statementMap":{"0":{"start":{"line":1,"column":0},"end":{"line":1,"column":40}},"1":{"start":{"line":2,"column":0},"end":{"line":2,"column":48}},"2":{"start":{"line":3,"column":0},"end":{"line":3,"column":61}},"3":{"start":{"line":4,"column":0},"end":{"line":4,"column":63}},"4":{"start":{"line":5,"column":0},"end":{"line":5,"column":54}},"5":{"start":{"line":13,"column":0},"end":{"line":13,"column":null}},"6":{"start":{"line":13,"column":13},"end":{"line":13,"column":null}},"7":{"start":{"line":13,"column":13},"end":{"line":13,"column":23}}},"fnMap":{},"branchMap":{},"s":{"0":3,"1":3,"2":3,"3":3,"4":3,"5":3,"6":3,"7":3},"f":{},"b":{}}
,"/Users/harry/Development/study/node-todo/src/module/user.module.ts": {"path":"/Users/harry/Development/study/node-todo/src/module/user.module.ts","statementMap":{"0":{"start":{"line":1,"column":0},"end":{"line":1,"column":40}},"1":{"start":{"line":2,"column":0},"end":{"line":2,"column":61}},"2":{"start":{"line":3,"column":0},"end":{"line":3,"column":73}},"3":{"start":{"line":4,"column":0},"end":{"line":4,"column":63}},"4":{"start":{"line":5,"column":0},"end":{"line":5,"column":48}},"5":{"start":{"line":6,"column":0},"end":{"line":6,"column":54}},"6":{"start":{"line":14,"column":0},"end":{"line":14,"column":null}},"7":{"start":{"line":14,"column":13},"end":{"line":14,"column":null}},"8":{"start":{"line":14,"column":13},"end":{"line":14,"column":23}}},"fnMap":{},"branchMap":{},"s":{"0":3,"1":3,"2":3,"3":3,"4":3,"5":3,"6":3,"7":3,"8":3},"f":{},"b":{}}
,"/Users/harry/Development/study/node-todo/src/repository/authority.repository.ts": {"path":"/Users/harry/Development/study/node-todo/src/repository/authority.repository.ts","statementMap":{"0":{"start":{"line":1,"column":0},"end":{"line":1,"column":55}},"1":{"start":{"line":2,"column":0},"end":{"line":2,"column":55}},"2":{"start":{"line":5,"column":0},"end":{"line":5,"column":null}},"3":{"start":{"line":5,"column":13},"end":{"line":5,"column":null}},"4":{"start":{"line":5,"column":13},"end":{"line":5,"column":32}}},"fnMap":{},"branchMap":{},"s":{"0":3,"1":3,"2":3,"3":3,"4":3},"f":{},"b":{}}
,"/Users/harry/Development/study/node-todo/src/repository/todo.repository.ts": {"path":"/Users/harry/Development/study/node-todo/src/repository/todo.repository.ts","statementMap":{"0":{"start":{"line":1,"column":0},"end":{"line":1,"column":55}},"1":{"start":{"line":2,"column":0},"end":{"line":2,"column":45}},"2":{"start":{"line":5,"column":0},"end":{"line":5,"column":null}},"3":{"start":{"line":5,"column":13},"end":{"line":5,"column":null}},"4":{"start":{"line":5,"column":13},"end":{"line":5,"column":27}}},"fnMap":{},"branchMap":{},"s":{"0":3,"1":3,"2":3,"3":3,"4":3},"f":{},"b":{}}
,"/Users/harry/Development/study/node-todo/src/repository/user.repository.ts": {"path":"/Users/harry/Development/study/node-todo/src/repository/user.repository.ts","statementMap":{"0":{"start":{"line":1,"column":0},"end":{"line":1,"column":55}},"1":{"start":{"line":2,"column":0},"end":{"line":2,"column":45}},"2":{"start":{"line":5,"column":0},"end":{"line":5,"column":null}},"3":{"start":{"line":5,"column":13},"end":{"line":5,"column":null}},"4":{"start":{"line":5,"column":13},"end":{"line":5,"column":27}}},"fnMap":{},"branchMap":{},"s":{"0":3,"1":3,"2":3,"3":3,"4":3},"f":{},"b":{}}
,"/Users/harry/Development/study/node-todo/src/security/index.ts": {"path":"/Users/harry/Development/study/node-todo/src/security/index.ts","statementMap":{"0":{"start":{"line":1,"column":0},"end":{"line":1,"column":36}},"1":{"start":{"line":2,"column":0},"end":{"line":2,"column":37}},"2":{"start":{"line":3,"column":0},"end":{"line":3,"column":45}},"3":{"start":{"line":4,"column":0},"end":{"line":4,"column":49}},"4":{"start":{"line":5,"column":0},"end":{"line":5,"column":32}},"5":{"start":{"line":6,"column":0},"end":{"line":6,"column":28}}},"fnMap":{},"branchMap":{},"s":{"0":3,"1":3,"2":3,"3":3,"4":3,"5":3},"f":{},"b":{}}
,"/Users/harry/Development/study/node-todo/src/security/passport.jwt.strategy.ts": {"path":"/Users/harry/Development/study/node-todo/src/security/passport.jwt.strategy.ts","statementMap":{"0":{"start":{"line":1,"column":0},"end":{"line":1,"column":70}},"1":{"start":{"line":2,"column":0},"end":{"line":2,"column":52}},"2":{"start":{"line":3,"column":0},"end":{"line":3,"column":67}},"3":{"start":{"line":5,"column":0},"end":{"line":5,"column":35}},"4":{"start":{"line":6,"column":0},"end":{"line":6,"column":54}},"5":{"start":{"line":9,"column":0},"end":{"line":26,"column":null}},"6":{"start":{"line":11,"column":8},"end":{"line":15,"column":11}},"7":{"start":{"line":10,"column":33},"end":{"line":10,"column":46}},"8":{"start":{"line":19,"column":21},"end":{"line":19,"column":65}},"9":{"start":{"line":20,"column":8},"end":{"line":22,"column":null}},"10":{"start":{"line":21,"column":12},"end":{"line":21,"column":94}},"11":{"start":{"line":24,"column":8},"end":{"line":24,"column":32}},"12":{"start":{"line":9,"column":13},"end":{"line":26,"column":null}},"13":{"start":{"line":9,"column":13},"end":{"line":9,"column":24}}},"fnMap":{"0":{"name":"(anonymous_2)","decl":{"start":{"line":10,"column":4},"end":{"line":10,"column":33}},"loc":{"start":{"line":10,"column":57},"end":{"line":16,"column":5}}},"1":{"name":"(anonymous_3)","decl":{"start":{"line":18,"column":4},"end":{"line":18,"column":9}},"loc":{"start":{"line":18,"column":59},"end":{"line":25,"column":5}}}},"branchMap":{"0":{"loc":{"start":{"line":20,"column":8},"end":{"line":22,"column":null}},"type":"if","locations":[{"start":{"line":20,"column":8},"end":{"line":22,"column":null}}]}},"s":{"0":3,"1":3,"2":3,"3":3,"4":3,"5":3,"6":14,"7":14,"8":0,"9":0,"10":0,"11":0,"12":3,"13":3},"f":{"0":14,"1":0},"b":{"0":[0]}}
,"/Users/harry/Development/study/node-todo/src/security/password-util.ts": {"path":"/Users/harry/Development/study/node-todo/src/security/password-util.ts","statementMap":{"0":{"start":{"line":1,"column":0},"end":{"line":1,"column":33}},"1":{"start":{"line":2,"column":0},"end":{"line":2,"column":35}},"2":{"start":{"line":5,"column":4},"end":{"line":10,"column":null}},"3":{"start":{"line":6,"column":8},"end":{"line":9,"column":10}},"4":{"start":{"line":11,"column":4},"end":{"line":11,"column":29}},"5":{"start":{"line":4,"column":0},"end":{"line":4,"column":7}}},"fnMap":{"0":{"name":"transformPassword","decl":{"start":{"line":4,"column":22},"end":{"line":4,"column":39}},"loc":{"start":{"line":4,"column":67},"end":{"line":12,"column":1}}}},"branchMap":{"0":{"loc":{"start":{"line":5,"column":4},"end":{"line":10,"column":null}},"type":"if","locations":[{"start":{"line":5,"column":4},"end":{"line":10,"column":null}}]}},"s":{"0":3,"1":3,"2":12,"3":12,"4":12,"5":3},"f":{"0":12},"b":{"0":[12]}}
,"/Users/harry/Development/study/node-todo/src/security/role-type.ts": {"path":"/Users/harry/Development/study/node-todo/src/security/role-type.ts","statementMap":{"0":{"start":{"line":3,"column":0},"end":{"line":3,"column":null}},"1":{"start":{"line":4,"column":4},"end":{"line":4,"column":null}},"2":{"start":{"line":5,"column":4},"end":{"line":5,"column":null}},"3":{"start":{"line":6,"column":4},"end":{"line":6,"column":null}}},"fnMap":{"0":{"name":"(anonymous_0)","decl":{"start":{"line":3,"column":0},"end":{"line":3,"column":12}},"loc":{"start":{"line":3,"column":20},"end":{"line":7,"column":1}}}},"branchMap":{"0":{"loc":{"start":{"line":3,"column":12},"end":{"line":3,"column":null}},"type":"binary-expr","locations":[{"start":{"line":3,"column":12},"end":{"line":3,"column":20}},{"start":{"line":3,"column":12},"end":{"line":3,"column":null}}]}},"s":{"0":3,"1":3,"2":3,"3":3},"f":{"0":3},"b":{"0":[3,3]}}
,"/Users/harry/Development/study/node-todo/src/security/decorators/auth-user.decorator.ts": {"path":"/Users/harry/Development/study/node-todo/src/security/decorators/auth-user.decorator.ts","statementMap":{"0":{"start":{"line":1,"column":0},"end":{"line":1,"column":72}},"1":{"start":{"line":3,"column":13},"end":{"line":6,"column":3}},"2":{"start":{"line":4,"column":20},"end":{"line":4,"column":51}},"3":{"start":{"line":5,"column":4},"end":{"line":5,"column":24}}},"fnMap":{"0":{"name":"(anonymous_0)","decl":{"start":{"line":3,"column":45},"end":{"line":3,"column":46}},"loc":{"start":{"line":3,"column":86},"end":{"line":6,"column":1}}}},"branchMap":{},"s":{"0":3,"1":3,"2":0,"3":0},"f":{"0":0},"b":{}}
,"/Users/harry/Development/study/node-todo/src/security/decorators/roles.decorator.ts": {"path":"/Users/harry/Development/study/node-todo/src/security/decorators/roles.decorator.ts","statementMap":{"0":{"start":{"line":1,"column":0},"end":{"line":1,"column":45}},"1":{"start":{"line":4,"column":13},"end":{"line":4,"column":80}},"2":{"start":{"line":4,"column":52},"end":{"line":4,"column":79}}},"fnMap":{"0":{"name":"(anonymous_0)","decl":{"start":{"line":4,"column":21},"end":{"line":4,"column":22}},"loc":{"start":{"line":4,"column":52},"end":{"line":4,"column":79}}}},"branchMap":{},"s":{"0":3,"1":3,"2":33},"f":{"0":33},"b":{}}
,"/Users/harry/Development/study/node-todo/src/security/guards/auth.guard.ts": {"path":"/Users/harry/Development/study/node-todo/src/security/guards/auth.guard.ts","statementMap":{"0":{"start":{"line":1,"column":0},"end":{"line":1,"column":70}},"1":{"start":{"line":2,"column":0},"end":{"line":2,"column":62}},"2":{"start":{"line":5,"column":0},"end":{"line":11,"column":null}},"3":{"start":{"line":6,"column":4},"end":{"line":6,"column":37}},"4":{"start":{"line":9,"column":8},"end":{"line":9,"column":42}},"5":{"start":{"line":5,"column":13},"end":{"line":11,"column":null}},"6":{"start":{"line":5,"column":13},"end":{"line":5,"column":22}}},"fnMap":{"0":{"name":"(anonymous_1)","decl":{"start":{"line":5,"column":0},"end":{"line":5,"column":13}},"loc":{"start":{"line":5,"column":0},"end":{"line":11,"column":1}}},"1":{"name":"(anonymous_2)","decl":{"start":{"line":8,"column":4},"end":{"line":8,"column":15}},"loc":{"start":{"line":8,"column":41},"end":{"line":10,"column":5}}}},"branchMap":{},"s":{"0":3,"1":3,"2":3,"3":9,"4":0,"5":3,"6":3},"f":{"0":9,"1":0},"b":{}}
,"/Users/harry/Development/study/node-todo/src/security/guards/roles.guard.ts": {"path":"/Users/harry/Development/study/node-todo/src/security/guards/roles.guard.ts","statementMap":{"0":{"start":{"line":1,"column":0},"end":{"line":1,"column":75}},"1":{"start":{"line":2,"column":0},"end":{"line":2,"column":41}},"2":{"start":{"line":6,"column":0},"end":{"line":21,"column":null}},"3":{"start":{"line":7,"column":33},"end":{"line":7,"column":44}},"4":{"start":{"line":10,"column":22},"end":{"line":10,"column":81}},"5":{"start":{"line":12,"column":8},"end":{"line":14,"column":null}},"6":{"start":{"line":13,"column":12},"end":{"line":13,"column":24}},"7":{"start":{"line":16,"column":24},"end":{"line":16,"column":59}},"8":{"start":{"line":17,"column":21},"end":{"line":17,"column":44}},"9":{"start":{"line":19,"column":8},"end":{"line":19,"column":95}},"10":{"start":{"line":19,"column":73},"end":{"line":19,"column":93}},"11":{"start":{"line":6,"column":13},"end":{"line":21,"column":null}},"12":{"start":{"line":6,"column":13},"end":{"line":6,"column":23}}},"fnMap":{"0":{"name":"(anonymous_2)","decl":{"start":{"line":7,"column":4},"end":{"line":7,"column":33}},"loc":{"start":{"line":7,"column":53},"end":{"line":7,"column":57}}},"1":{"name":"(anonymous_3)","decl":{"start":{"line":9,"column":4},"end":{"line":9,"column":15}},"loc":{"start":{"line":9,"column":41},"end":{"line":20,"column":5}}},"2":{"name":"(anonymous_4)","decl":{"start":{"line":19,"column":65},"end":{"line":19,"column":69}},"loc":{"start":{"line":19,"column":73},"end":{"line":19,"column":93}}}},"branchMap":{"0":{"loc":{"start":{"line":12,"column":8},"end":{"line":14,"column":null}},"type":"if","locations":[{"start":{"line":12,"column":8},"end":{"line":14,"column":null}}]},"1":{"loc":{"start":{"line":19,"column":15},"end":{"line":19,"column":94}},"type":"binary-expr","locations":[{"start":{"line":19,"column":15},"end":{"line":19,"column":19}},{"start":{"line":19,"column":23},"end":{"line":19,"column":39}},{"start":{"line":19,"column":43},"end":{"line":19,"column":94}}]}},"s":{"0":3,"1":3,"2":3,"3":6,"4":0,"5":0,"6":0,"7":0,"8":0,"9":0,"10":0,"11":3,"12":3},"f":{"0":6,"1":0,"2":0},"b":{"0":[0],"1":[0,0,0]}}
,"/Users/harry/Development/study/node-todo/src/service/auth.service.ts": {"path":"/Users/harry/Development/study/node-todo/src/service/auth.service.ts","statementMap":{"0":{"start":{"line":1,"column":0},"end":{"line":1,"column":79}},"1":{"start":{"line":2,"column":0},"end":{"line":2,"column":51}},"2":{"start":{"line":3,"column":0},"end":{"line":3,"column":41}},"3":{"start":{"line":6,"column":0},"end":{"line":6,"column":33}},"4":{"start":{"line":7,"column":0},"end":{"line":7,"column":73}},"5":{"start":{"line":8,"column":0},"end":{"line":8,"column":54}},"6":{"start":{"line":13,"column":0},"end":{"line":110,"column":null}},"7":{"start":{"line":16,"column":25},"end":{"line":16,"column":37}},"8":{"start":{"line":17,"column":55},"end":{"line":17,"column":76}},"9":{"start":{"line":18,"column":16},"end":{"line":18,"column":29}},"10":{"start":{"line":14,"column":4},"end":{"line":14,"column":39}},"11":{"start":{"line":22,"column":30},"end":{"line":22,"column":48}},"12":{"start":{"line":23,"column":30},"end":{"line":23,"column":48}},"13":{"start":{"line":25,"column":25},"end":{"line":25,"column":97}},"14":{"start":{"line":26,"column":30},"end":{"line":26,"column":100}},"15":{"start":{"line":27,"column":8},"end":{"line":29,"column":null}},"16":{"start":{"line":28,"column":12},"end":{"line":28,"column":95}},"17":{"start":{"line":31,"column":8},"end":{"line":33,"column":null}},"18":{"start":{"line":32,"column":12},"end":{"line":32,"column":99}},"19":{"start":{"line":35,"column":21},"end":{"line":35,"column":65}},"20":{"start":{"line":37,"column":33},"end":{"line":37,"column":101}},"21":{"start":{"line":39,"column":8},"end":{"line":41,"column":10}},"22":{"start":{"line":45,"column":8},"end":{"line":45,"column":59}},"23":{"start":{"line":49,"column":33},"end":{"line":49,"column":95}},"24":{"start":{"line":50,"column":8},"end":{"line":50,"column":23}},"25":{"start":{"line":54,"column":33},"end":{"line":54,"column":72}},"26":{"start":{"line":55,"column":8},"end":{"line":57,"column":null}},"27":{"start":{"line":56,"column":12},"end":{"line":56,"column":19}},"28":{"start":{"line":58,"column":8},"end":{"line":58,"column":23}},"29":{"start":{"line":62,"column":34},"end":{"line":62,"column":102}},"30":{"start":{"line":63,"column":8},"end":{"line":65,"column":null}},"31":{"start":{"line":64,"column":12},"end":{"line":64,"column":83}},"32":{"start":{"line":67,"column":8},"end":{"line":69,"column":null}},"33":{"start":{"line":68,"column":12},"end":{"line":68,"column":81}},"34":{"start":{"line":70,"column":8},"end":{"line":70,"column":40}},"35":{"start":{"line":71,"column":8},"end":{"line":71,"column":63}},"36":{"start":{"line":72,"column":8},"end":{"line":72,"column":15}},"37":{"start":{"line":76,"column":32},"end":{"line":76,"column":104}},"38":{"start":{"line":77,"column":8},"end":{"line":79,"column":null}},"39":{"start":{"line":78,"column":12},"end":{"line":78,"column":88}},"40":{"start":{"line":80,"column":8},"end":{"line":80,"column":92}},"41":{"start":{"line":81,"column":8},"end":{"line":83,"column":null}},"42":{"start":{"line":82,"column":12},"end":{"line":82,"column":88}},"43":{"start":{"line":84,"column":8},"end":{"line":84,"column":44}},"44":{"start":{"line":85,"column":30},"end":{"line":85,"column":87}},"45":{"start":{"line":86,"column":8},"end":{"line":86,"column":20}},"46":{"start":{"line":90,"column":34},"end":{"line":90,"column":102}},"47":{"start":{"line":91,"column":8},"end":{"line":93,"column":null}},"48":{"start":{"line":92,"column":12},"end":{"line":92,"column":83}},"49":{"start":{"line":94,"column":39},"end":{"line":94,"column":115}},"50":{"start":{"line":95,"column":8},"end":{"line":97,"column":null}},"51":{"start":{"line":96,"column":12},"end":{"line":96,"column":88}},"52":{"start":{"line":99,"column":8},"end":{"line":99,"column":51}},"53":{"start":{"line":100,"column":8},"end":{"line":100,"column":49}},"54":{"start":{"line":101,"column":8},"end":{"line":101,"column":43}},"55":{"start":{"line":102,"column":8},"end":{"line":102,"column":47}},"56":{"start":{"line":103,"column":8},"end":{"line":103,"column":57}},"57":{"start":{"line":104,"column":8},"end":{"line":104,"column":15}},"58":{"start":{"line":108,"column":8},"end":{"line":108,"column":60}},"59":{"start":{"line":13,"column":13},"end":{"line":110,"column":null}},"60":{"start":{"line":13,"column":13},"end":{"line":13,"column":24}}},"fnMap":{"0":{"name":"(anonymous_5)","decl":{"start":{"line":15,"column":4},"end":{"line":15,"column":null}},"loc":{"start":{"line":18,"column":40},"end":{"line":19,"column":8}}},"1":{"name":"(anonymous_6)","decl":{"start":{"line":21,"column":4},"end":{"line":21,"column":9}},"loc":{"start":{"line":21,"column":39},"end":{"line":42,"column":5}}},"2":{"name":"(anonymous_7)","decl":{"start":{"line":44,"column":4},"end":{"line":44,"column":9}},"loc":{"start":{"line":44,"column":39},"end":{"line":46,"column":5}}},"3":{"name":"(anonymous_8)","decl":{"start":{"line":48,"column":4},"end":{"line":48,"column":9}},"loc":{"start":{"line":48,"column":45},"end":{"line":51,"column":5}}},"4":{"name":"(anonymous_9)","decl":{"start":{"line":53,"column":4},"end":{"line":53,"column":9}},"loc":{"start":{"line":53,"column":35},"end":{"line":59,"column":5}}},"5":{"name":"(anonymous_10)","decl":{"start":{"line":61,"column":4},"end":{"line":61,"column":9}},"loc":{"start":{"line":61,"column":97},"end":{"line":73,"column":5}}},"6":{"name":"(anonymous_11)","decl":{"start":{"line":75,"column":4},"end":{"line":75,"column":9}},"loc":{"start":{"line":75,"column":42},"end":{"line":87,"column":5}}},"7":{"name":"(anonymous_12)","decl":{"start":{"line":89,"column":4},"end":{"line":89,"column":9}},"loc":{"start":{"line":89,"column":68},"end":{"line":105,"column":5}}},"8":{"name":"(anonymous_13)","decl":{"start":{"line":107,"column":4},"end":{"line":107,"column":9}},"loc":{"start":{"line":107,"column":55},"end":{"line":109,"column":5}}}},"branchMap":{"0":{"loc":{"start":{"line":26,"column":30},"end":{"line":26,"column":100}},"type":"binary-expr","locations":[{"start":{"line":26,"column":30},"end":{"line":26,"column":40}},{"start":{"line":26,"column":45},"end":{"line":26,"column":99}}]},"1":{"loc":{"start":{"line":27,"column":8},"end":{"line":29,"column":null}},"type":"if","locations":[{"start":{"line":27,"column":8},"end":{"line":29,"column":null}}]},"2":{"loc":{"start":{"line":27,"column":12},"end":{"line":27,"column":39}},"type":"binary-expr","locations":[{"start":{"line":27,"column":12},"end":{"line":27,"column":21}},{"start":{"line":27,"column":25},"end":{"line":27,"column":39}}]},"3":{"loc":{"start":{"line":31,"column":8},"end":{"line":33,"column":null}},"type":"if","locations":[{"start":{"line":31,"column":8},"end":{"line":33,"column":null}}]},"4":{"loc":{"start":{"line":31,"column":12},"end":{"line":31,"column":43}},"type":"binary-expr","locations":[{"start":{"line":31,"column":12},"end":{"line":31,"column":20}},{"start":{"line":31,"column":24},"end":{"line":31,"column":43}}]},"5":{"loc":{"start":{"line":55,"column":8},"end":{"line":57,"column":null}},"type":"if","locations":[{"start":{"line":55,"column":8},"end":{"line":57,"column":null}}]},"6":{"loc":{"start":{"line":63,"column":8},"end":{"line":65,"column":null}},"type":"if","locations":[{"start":{"line":63,"column":8},"end":{"line":65,"column":null}}]},"7":{"loc":{"start":{"line":67,"column":8},"end":{"line":69,"column":null}},"type":"if","locations":[{"start":{"line":67,"column":8},"end":{"line":69,"column":null}}]},"8":{"loc":{"start":{"line":77,"column":8},"end":{"line":79,"column":null}},"type":"if","locations":[{"start":{"line":77,"column":8},"end":{"line":79,"column":null}}]},"9":{"loc":{"start":{"line":81,"column":8},"end":{"line":83,"column":null}},"type":"if","locations":[{"start":{"line":81,"column":8},"end":{"line":83,"column":null}}]},"10":{"loc":{"start":{"line":91,"column":8},"end":{"line":93,"column":null}},"type":"if","locations":[{"start":{"line":91,"column":8},"end":{"line":93,"column":null}}]},"11":{"loc":{"start":{"line":95,"column":8},"end":{"line":97,"column":null}},"type":"if","locations":[{"start":{"line":95,"column":8},"end":{"line":97,"column":null}}]},"12":{"loc":{"start":{"line":95,"column":12},"end":{"line":95,"column":65}},"type":"binary-expr","locations":[{"start":{"line":95,"column":12},"end":{"line":95,"column":25}},{"start":{"line":95,"column":29},"end":{"line":95,"column":65}}]}},"s":{"0":3,"1":3,"2":3,"3":3,"4":3,"5":3,"6":3,"7":14,"8":14,"9":14,"10":14,"11":0,"12":0,"13":0,"14":0,"15":0,"16":0,"17":0,"18":0,"19":0,"20":0,"21":0,"22":0,"23":0,"24":0,"25":0,"26":0,"27":0,"28":0,"29":0,"30":0,"31":0,"32":0,"33":0,"34":0,"35":0,"36":0,"37":0,"38":0,"39":0,"40":0,"41":0,"42":0,"43":0,"44":0,"45":0,"46":0,"47":0,"48":0,"49":0,"50":0,"51":0,"52":0,"53":0,"54":0,"55":0,"56":0,"57":0,"58":1,"59":3,"60":3},"f":{"0":14,"1":0,"2":0,"3":0,"4":0,"5":0,"6":0,"7":0,"8":1},"b":{"0":[0,0],"1":[0],"2":[0,0],"3":[0],"4":[0,0],"5":[0],"6":[0],"7":[0],"8":[0],"9":[0],"10":[0],"11":[0],"12":[0,0]}}
,"/Users/harry/Development/study/node-todo/src/service/todo.service.ts": {"path":"/Users/harry/Development/study/node-todo/src/service/todo.service.ts","statementMap":{"0":{"start":{"line":1,"column":0},"end":{"line":1,"column":79}},"1":{"start":{"line":2,"column":0},"end":{"line":2,"column":51}},"2":{"start":{"line":5,"column":0},"end":{"line":5,"column":59}},"3":{"start":{"line":6,"column":0},"end":{"line":6,"column":63}},"4":{"start":{"line":8,"column":26},"end":{"line":8,"column":28}},"5":{"start":{"line":11,"column":0},"end":{"line":67,"column":null}},"6":{"start":{"line":14,"column":58},"end":{"line":14,"column":74}},"7":{"start":{"line":12,"column":4},"end":{"line":12,"column":39}},"8":{"start":{"line":17,"column":24},"end":{"line":17,"column":56}},"9":{"start":{"line":18,"column":23},"end":{"line":18,"column":69}},"10":{"start":{"line":19,"column":8},"end":{"line":19,"column":50}},"11":{"start":{"line":23,"column":23},"end":{"line":23,"column":65}},"12":{"start":{"line":24,"column":8},"end":{"line":24,"column":50}},"13":{"start":{"line":28,"column":8},"end":{"line":28,"column":46}},"14":{"start":{"line":29,"column":27},"end":{"line":29,"column":74}},"15":{"start":{"line":30,"column":35},"end":{"line":30,"column":37}},"16":{"start":{"line":31,"column":8},"end":{"line":34,"column":null}},"17":{"start":{"line":32,"column":12},"end":{"line":32,"column":90}},"18":{"start":{"line":32,"column":42},"end":{"line":32,"column":88}},"19":{"start":{"line":33,"column":12},"end":{"line":33,"column":36}},"20":{"start":{"line":35,"column":8},"end":{"line":35,"column":26}},"21":{"start":{"line":39,"column":23},"end":{"line":39,"column":58}},"22":{"start":{"line":40,"column":8},"end":{"line":45,"column":null}},"23":{"start":{"line":41,"column":12},"end":{"line":43,"column":null}},"24":{"start":{"line":42,"column":16},"end":{"line":42,"column":43}},"25":{"start":{"line":44,"column":12},"end":{"line":44,"column":39}},"26":{"start":{"line":46,"column":23},"end":{"line":46,"column":61}},"27":{"start":{"line":47,"column":8},"end":{"line":47,"column":50}},"28":{"start":{"line":51,"column":23},"end":{"line":51,"column":58}},"29":{"start":{"line":52,"column":8},"end":{"line":54,"column":null}},"30":{"start":{"line":53,"column":12},"end":{"line":53,"column":39}},"31":{"start":{"line":55,"column":23},"end":{"line":55,"column":61}},"32":{"start":{"line":56,"column":8},"end":{"line":56,"column":50}},"33":{"start":{"line":60,"column":8},"end":{"line":60,"column":45}},"34":{"start":{"line":61,"column":27},"end":{"line":61,"column":50}},"35":{"start":{"line":62,"column":8},"end":{"line":64,"column":null}},"36":{"start":{"line":63,"column":12},"end":{"line":63,"column":86}},"37":{"start":{"line":65,"column":8},"end":{"line":65,"column":15}},"38":{"start":{"line":11,"column":13},"end":{"line":67,"column":null}},"39":{"start":{"line":11,"column":13},"end":{"line":11,"column":24}}},"fnMap":{"0":{"name":"(anonymous_4)","decl":{"start":{"line":14,"column":4},"end":{"line":14,"column":17}},"loc":{"start":{"line":14,"column":88},"end":{"line":14,"column":92}}},"1":{"name":"(anonymous_5)","decl":{"start":{"line":16,"column":4},"end":{"line":16,"column":9}},"loc":{"start":{"line":16,"column":29},"end":{"line":20,"column":5}}},"2":{"name":"(anonymous_6)","decl":{"start":{"line":22,"column":4},"end":{"line":22,"column":9}},"loc":{"start":{"line":22,"column":55},"end":{"line":25,"column":5}}},"3":{"name":"(anonymous_7)","decl":{"start":{"line":27,"column":4},"end":{"line":27,"column":9}},"loc":{"start":{"line":27,"column":56},"end":{"line":36,"column":5}}},"4":{"name":"(anonymous_8)","decl":{"start":{"line":32,"column":34},"end":{"line":32,"column":38}},"loc":{"start":{"line":32,"column":42},"end":{"line":32,"column":88}}},"5":{"name":"(anonymous_9)","decl":{"start":{"line":38,"column":4},"end":{"line":38,"column":9}},"loc":{"start":{"line":38,"column":49},"end":{"line":48,"column":5}}},"6":{"name":"(anonymous_10)","decl":{"start":{"line":50,"column":4},"end":{"line":50,"column":9}},"loc":{"start":{"line":50,"column":51},"end":{"line":57,"column":5}}},"7":{"name":"(anonymous_11)","decl":{"start":{"line":59,"column":4},"end":{"line":59,"column":9}},"loc":{"start":{"line":59,"column":31},"end":{"line":66,"column":5}}}},"branchMap":{"0":{"loc":{"start":{"line":31,"column":8},"end":{"line":34,"column":null}},"type":"if","locations":[{"start":{"line":31,"column":8},"end":{"line":34,"column":null}}]},"1":{"loc":{"start":{"line":31,"column":12},"end":{"line":31,"column":39}},"type":"binary-expr","locations":[{"start":{"line":31,"column":12},"end":{"line":31,"column":22}},{"start":{"line":31,"column":26},"end":{"line":31,"column":39}}]},"2":{"loc":{"start":{"line":40,"column":8},"end":{"line":45,"column":null}},"type":"if","locations":[{"start":{"line":40,"column":8},"end":{"line":45,"column":null}}]},"3":{"loc":{"start":{"line":41,"column":12},"end":{"line":43,"column":null}},"type":"if","locations":[{"start":{"line":41,"column":12},"end":{"line":43,"column":null}}]},"4":{"loc":{"start":{"line":52,"column":8},"end":{"line":54,"column":null}},"type":"if","locations":[{"start":{"line":52,"column":8},"end":{"line":54,"column":null}}]},"5":{"loc":{"start":{"line":62,"column":8},"end":{"line":64,"column":null}},"type":"if","locations":[{"start":{"line":62,"column":8},"end":{"line":64,"column":null}}]}},"s":{"0":3,"1":3,"2":3,"3":3,"4":3,"5":3,"6":8,"7":8,"8":0,"9":0,"10":0,"11":0,"12":0,"13":0,"14":0,"15":0,"16":0,"17":0,"18":0,"19":0,"20":0,"21":0,"22":0,"23":0,"24":0,"25":0,"26":0,"27":0,"28":0,"29":0,"30":0,"31":0,"32":0,"33":0,"34":0,"35":0,"36":0,"37":0,"38":3,"39":3},"f":{"0":8,"1":0,"2":0,"3":0,"4":0,"5":0,"6":0,"7":0},"b":{"0":[0],"1":[0,0],"2":[0],"3":[0],"4":[0],"5":[0]}}
,"/Users/harry/Development/study/node-todo/src/service/user.service.ts": {"path":"/Users/harry/Development/study/node-todo/src/service/user.service.ts","statementMap":{"0":{"start":{"line":1,"column":0},"end":{"line":1,"column":44}},"1":{"start":{"line":2,"column":0},"end":{"line":2,"column":51}},"2":{"start":{"line":5,"column":0},"end":{"line":5,"column":50}},"3":{"start":{"line":6,"column":0},"end":{"line":6,"column":63}},"4":{"start":{"line":8,"column":0},"end":{"line":8,"column":48}},"5":{"start":{"line":11,"column":0},"end":{"line":83,"column":null}},"6":{"start":{"line":12,"column":58},"end":{"line":12,"column":74}},"7":{"start":{"line":15,"column":23},"end":{"line":15,"column":60}},"8":{"start":{"line":16,"column":8},"end":{"line":16,"column":72}},"9":{"start":{"line":20,"column":8},"end":{"line":20,"column":44}},"10":{"start":{"line":21,"column":23},"end":{"line":21,"column":65}},"11":{"start":{"line":22,"column":8},"end":{"line":22,"column":72}},"12":{"start":{"line":26,"column":23},"end":{"line":26,"column":65}},"13":{"start":{"line":27,"column":8},"end":{"line":27,"column":72}},"14":{"start":{"line":31,"column":8},"end":{"line":31,"column":44}},"15":{"start":{"line":32,"column":27},"end":{"line":32,"column":74}},"16":{"start":{"line":33,"column":36},"end":{"line":33,"column":38}},"17":{"start":{"line":34,"column":8},"end":{"line":37,"column":null}},"18":{"start":{"line":35,"column":12},"end":{"line":35,"column":113}},"19":{"start":{"line":35,"column":42},"end":{"line":35,"column":111}},"20":{"start":{"line":36,"column":12},"end":{"line":36,"column":37}},"21":{"start":{"line":38,"column":8},"end":{"line":38,"column":26}},"22":{"start":{"line":42,"column":21},"end":{"line":42,"column":83}},"23":{"start":{"line":43,"column":8},"end":{"line":45,"column":null}},"24":{"start":{"line":44,"column":12},"end":{"line":44,"column":42}},"25":{"start":{"line":46,"column":8},"end":{"line":51,"column":null}},"26":{"start":{"line":47,"column":12},"end":{"line":49,"column":null}},"27":{"start":{"line":48,"column":16},"end":{"line":48,"column":41}},"28":{"start":{"line":50,"column":12},"end":{"line":50,"column":37}},"29":{"start":{"line":52,"column":23},"end":{"line":52,"column":59}},"30":{"start":{"line":53,"column":8},"end":{"line":53,"column":72}},"31":{"start":{"line":57,"column":8},"end":{"line":57,"column":43}},"32":{"start":{"line":61,"column":21},"end":{"line":61,"column":56}},"33":{"start":{"line":62,"column":23},"end":{"line":62,"column":61}},"34":{"start":{"line":63,"column":8},"end":{"line":63,"column":50}},"35":{"start":{"line":67,"column":8},"end":{"line":71,"column":null}},"36":{"start":{"line":68,"column":42},"end":{"line":68,"column":44}},"37":{"start":{"line":69,"column":12},"end":{"line":69,"column":84}},"38":{"start":{"line":69,"column":50},"end":{"line":69,"column":82}},"39":{"start":{"line":70,"column":12},"end":{"line":70,"column":43}},"40":{"start":{"line":72,"column":8},"end":{"line":72,"column":20}},"41":{"start":{"line":76,"column":8},"end":{"line":80,"column":null}},"42":{"start":{"line":77,"column":39},"end":{"line":77,"column":41}},"43":{"start":{"line":78,"column":12},"end":{"line":78,"column":89}},"44":{"start":{"line":78,"column":50},"end":{"line":78,"column":87}},"45":{"start":{"line":79,"column":12},"end":{"line":79,"column":43}},"46":{"start":{"line":81,"column":8},"end":{"line":81,"column":20}},"47":{"start":{"line":11,"column":13},"end":{"line":83,"column":null}},"48":{"start":{"line":11,"column":13},"end":{"line":11,"column":24}}},"fnMap":{"0":{"name":"(anonymous_4)","decl":{"start":{"line":12,"column":4},"end":{"line":12,"column":17}},"loc":{"start":{"line":12,"column":88},"end":{"line":12,"column":92}}},"1":{"name":"(anonymous_5)","decl":{"start":{"line":14,"column":4},"end":{"line":14,"column":9}},"loc":{"start":{"line":14,"column":29},"end":{"line":17,"column":5}}},"2":{"name":"(anonymous_6)","decl":{"start":{"line":19,"column":4},"end":{"line":19,"column":9}},"loc":{"start":{"line":19,"column":55},"end":{"line":23,"column":5}}},"3":{"name":"(anonymous_7)","decl":{"start":{"line":25,"column":4},"end":{"line":25,"column":9}},"loc":{"start":{"line":25,"column":48},"end":{"line":28,"column":5}}},"4":{"name":"(anonymous_8)","decl":{"start":{"line":30,"column":4},"end":{"line":30,"column":9}},"loc":{"start":{"line":30,"column":56},"end":{"line":39,"column":5}}},"5":{"name":"(anonymous_9)","decl":{"start":{"line":35,"column":34},"end":{"line":35,"column":38}},"loc":{"start":{"line":35,"column":42},"end":{"line":35,"column":111}}},"6":{"name":"(anonymous_10)","decl":{"start":{"line":41,"column":4},"end":{"line":41,"column":9}},"loc":{"start":{"line":41,"column":73},"end":{"line":54,"column":5}}},"7":{"name":"(anonymous_11)","decl":{"start":{"line":56,"column":4},"end":{"line":56,"column":9}},"loc":{"start":{"line":56,"column":51},"end":{"line":58,"column":5}}},"8":{"name":"(anonymous_12)","decl":{"start":{"line":60,"column":4},"end":{"line":60,"column":9}},"loc":{"start":{"line":60,"column":33},"end":{"line":64,"column":5}}},"9":{"name":"(anonymous_13)","decl":{"start":{"line":66,"column":12},"end":{"line":66,"column":27}},"loc":{"start":{"line":66,"column":37},"end":{"line":73,"column":5}}},"10":{"name":"(anonymous_14)","decl":{"start":{"line":69,"column":37},"end":{"line":69,"column":46}},"loc":{"start":{"line":69,"column":50},"end":{"line":69,"column":82}}},"11":{"name":"(anonymous_15)","decl":{"start":{"line":75,"column":12},"end":{"line":75,"column":32}},"loc":{"start":{"line":75,"column":42},"end":{"line":82,"column":5}}},"12":{"name":"(anonymous_16)","decl":{"start":{"line":78,"column":37},"end":{"line":78,"column":46}},"loc":{"start":{"line":78,"column":50},"end":{"line":78,"column":87}}}},"branchMap":{"0":{"loc":{"start":{"line":34,"column":8},"end":{"line":37,"column":null}},"type":"if","locations":[{"start":{"line":34,"column":8},"end":{"line":37,"column":null}}]},"1":{"loc":{"start":{"line":34,"column":12},"end":{"line":34,"column":39}},"type":"binary-expr","locations":[{"start":{"line":34,"column":12},"end":{"line":34,"column":22}},{"start":{"line":34,"column":26},"end":{"line":34,"column":39}}]},"2":{"loc":{"start":{"line":41,"column":51},"end":{"line":41,"column":73}},"type":"default-arg","locations":[{"start":{"line":41,"column":68},"end":{"line":41,"column":73}}]},"3":{"loc":{"start":{"line":43,"column":8},"end":{"line":45,"column":null}},"type":"if","locations":[{"start":{"line":43,"column":8},"end":{"line":45,"column":null}}]},"4":{"loc":{"start":{"line":46,"column":8},"end":{"line":51,"column":null}},"type":"if","locations":[{"start":{"line":46,"column":8},"end":{"line":51,"column":null}}]},"5":{"loc":{"start":{"line":47,"column":12},"end":{"line":49,"column":null}},"type":"if","locations":[{"start":{"line":47,"column":12},"end":{"line":49,"column":null}}]},"6":{"loc":{"start":{"line":67,"column":8},"end":{"line":71,"column":null}},"type":"if","locations":[{"start":{"line":67,"column":8},"end":{"line":71,"column":null}}]},"7":{"loc":{"start":{"line":67,"column":12},"end":{"line":67,"column":36}},"type":"binary-expr","locations":[{"start":{"line":67,"column":12},"end":{"line":67,"column":16}},{"start":{"line":67,"column":20},"end":{"line":67,"column":36}}]},"8":{"loc":{"start":{"line":76,"column":8},"end":{"line":80,"column":null}},"type":"if","locations":[{"start":{"line":76,"column":8},"end":{"line":80,"column":null}}]},"9":{"loc":{"start":{"line":76,"column":12},"end":{"line":76,"column":36}},"type":"binary-expr","locations":[{"start":{"line":76,"column":12},"end":{"line":76,"column":16}},{"start":{"line":76,"column":20},"end":{"line":76,"column":36}}]}},"s":{"0":3,"1":3,"2":3,"3":3,"4":3,"5":3,"6":14,"7":1,"8":1,"9":0,"10":0,"11":0,"12":3,"13":3,"14":1,"15":1,"16":1,"17":1,"18":1,"19":4,"20":1,"21":1,"22":5,"23":5,"24":0,"25":5,"26":0,"27":0,"28":0,"29":5,"30":5,"31":1,"32":4,"33":4,"34":4,"35":13,"36":4,"37":4,"38":5,"39":4,"40":13,"41":5,"42":0,"43":0,"44":0,"45":0,"46":5,"47":3,"48":3},"f":{"0":14,"1":1,"2":0,"3":3,"4":1,"5":4,"6":5,"7":1,"8":4,"9":13,"10":5,"11":5,"12":0},"b":{"0":[1],"1":[1,1],"2":[5],"3":[0],"4":[0],"5":[0],"6":[4],"7":[13,12],"8":[0],"9":[5,5]}}
,"/Users/harry/Development/study/node-todo/src/service/dto/base.dto.ts": {"path":"/Users/harry/Development/study/node-todo/src/service/dto/base.dto.ts","statementMap":{"0":{"start":{"line":1,"column":0},"end":{"line":1,"column":13}}},"fnMap":{},"branchMap":{},"s":{"0":3},"f":{},"b":{}}
,"/Users/harry/Development/study/node-todo/src/service/dto/todo.dto.ts": {"path":"/Users/harry/Development/study/node-todo/src/service/dto/todo.dto.ts","statementMap":{"0":{"start":{"line":1,"column":0},"end":{"line":1,"column":51}},"1":{"start":{"line":2,"column":0},"end":{"line":2,"column":94}},"2":{"start":{"line":3,"column":0},"end":{"line":3,"column":37}},"3":{"start":{"line":8,"column":4},"end":{"line":8,"column":null}},"4":{"start":{"line":12,"column":4},"end":{"line":12,"column":null}},"5":{"start":{"line":15,"column":4},"end":{"line":15,"column":null}},"6":{"start":{"line":5,"column":0},"end":{"line":5,"column":13}}},"fnMap":{},"branchMap":{},"s":{"0":3,"1":3,"2":3,"3":3,"4":3,"5":3,"6":3},"f":{},"b":{}}
,"/Users/harry/Development/study/node-todo/src/service/dto/user-login.dto.ts": {"path":"/Users/harry/Development/study/node-todo/src/service/dto/user-login.dto.ts","statementMap":{"0":{"start":{"line":1,"column":0},"end":{"line":1,"column":51}},"1":{"start":{"line":2,"column":0},"end":{"line":2,"column":43}},"2":{"start":{"line":7,"column":4},"end":{"line":7,"column":null}},"3":{"start":{"line":10,"column":4},"end":{"line":10,"column":null}},"4":{"start":{"line":14,"column":4},"end":{"line":14,"column":null}},"5":{"start":{"line":4,"column":0},"end":{"line":4,"column":13}}},"fnMap":{},"branchMap":{},"s":{"0":3,"1":3,"2":3,"3":3,"4":3,"5":3},"f":{},"b":{}}
,"/Users/harry/Development/study/node-todo/src/service/dto/user.dto.ts": {"path":"/Users/harry/Development/study/node-todo/src/service/dto/user.dto.ts","statementMap":{"0":{"start":{"line":1,"column":0},"end":{"line":1,"column":51}},"1":{"start":{"line":2,"column":0},"end":{"line":2,"column":52}},"2":{"start":{"line":3,"column":0},"end":{"line":3,"column":37}},"3":{"start":{"line":4,"column":0},"end":{"line":4,"column":44}},"4":{"start":{"line":9,"column":4},"end":{"line":9,"column":null}},"5":{"start":{"line":12,"column":4},"end":{"line":12,"column":null}},"6":{"start":{"line":15,"column":4},"end":{"line":15,"column":null}},"7":{"start":{"line":19,"column":4},"end":{"line":19,"column":null}},"8":{"start":{"line":22,"column":4},"end":{"line":22,"column":null}},"9":{"start":{"line":25,"column":4},"end":{"line":25,"column":null}},"10":{"start":{"line":33,"column":4},"end":{"line":33,"column":null}},"11":{"start":{"line":37,"column":4},"end":{"line":37,"column":null}},"12":{"start":{"line":40,"column":4},"end":{"line":40,"column":null}},"13":{"start":{"line":6,"column":0},"end":{"line":6,"column":13}}},"fnMap":{},"branchMap":{},"s":{"0":3,"1":3,"2":3,"3":3,"4":3,"5":3,"6":3,"7":3,"8":3,"9":3,"10":3,"11":3,"12":3,"13":3},"f":{},"b":{}}
,"/Users/harry/Development/study/node-todo/src/service/mapper/todo.mapper.ts": {"path":"/Users/harry/Development/study/node-todo/src/service/mapper/todo.mapper.ts","statementMap":{"0":{"start":{"line":1,"column":0},"end":{"line":1,"column":48}},"1":{"start":{"line":2,"column":0},"end":{"line":2,"column":42}},"2":{"start":{"line":6,"column":8},"end":{"line":8,"column":null}},"3":{"start":{"line":7,"column":12},"end":{"line":7,"column":19}},"4":{"start":{"line":9,"column":23},"end":{"line":9,"column":33}},"5":{"start":{"line":10,"column":23},"end":{"line":10,"column":60}},"6":{"start":{"line":11,"column":8},"end":{"line":13,"column":11}},"7":{"start":{"line":12,"column":12},"end":{"line":12,"column":45}},"8":{"start":{"line":14,"column":8},"end":{"line":14,"column":22}},"9":{"start":{"line":18,"column":8},"end":{"line":20,"column":null}},"10":{"start":{"line":19,"column":12},"end":{"line":19,"column":19}},"11":{"start":{"line":21,"column":26},"end":{"line":21,"column":39}},"12":{"start":{"line":23,"column":23},"end":{"line":23,"column":57}},"13":{"start":{"line":25,"column":8},"end":{"line":27,"column":11}},"14":{"start":{"line":26,"column":12},"end":{"line":26,"column":45}},"15":{"start":{"line":29,"column":8},"end":{"line":29,"column":25}},"16":{"start":{"line":4,"column":0},"end":{"line":4,"column":13}}},"fnMap":{"0":{"name":"(anonymous_0)","decl":{"start":{"line":5,"column":4},"end":{"line":5,"column":10}},"loc":{"start":{"line":5,"column":45},"end":{"line":15,"column":5}}},"1":{"name":"(anonymous_1)","decl":{"start":{"line":11,"column":23},"end":{"line":11,"column":28}},"loc":{"start":{"line":11,"column":31},"end":{"line":13,"column":9}}},"2":{"name":"(anonymous_2)","decl":{"start":{"line":17,"column":4},"end":{"line":17,"column":10}},"loc":{"start":{"line":17,"column":39},"end":{"line":30,"column":5}}},"3":{"name":"(anonymous_3)","decl":{"start":{"line":25,"column":23},"end":{"line":25,"column":28}},"loc":{"start":{"line":25,"column":31},"end":{"line":27,"column":9}}}},"branchMap":{"0":{"loc":{"start":{"line":6,"column":8},"end":{"line":8,"column":null}},"type":"if","locations":[{"start":{"line":6,"column":8},"end":{"line":8,"column":null}}]},"1":{"loc":{"start":{"line":18,"column":8},"end":{"line":20,"column":null}},"type":"if","locations":[{"start":{"line":18,"column":8},"end":{"line":20,"column":null}}]}},"s":{"0":3,"1":3,"2":0,"3":0,"4":0,"5":0,"6":0,"7":0,"8":0,"9":0,"10":0,"11":0,"12":0,"13":0,"14":0,"15":0,"16":3},"f":{"0":0,"1":0,"2":0,"3":0},"b":{"0":[0],"1":[0]}}
,"/Users/harry/Development/study/node-todo/src/service/mapper/user.mapper.ts": {"path":"/Users/harry/Development/study/node-todo/src/service/mapper/user.mapper.ts","statementMap":{"0":{"start":{"line":1,"column":0},"end":{"line":1,"column":48}},"1":{"start":{"line":2,"column":0},"end":{"line":2,"column":42}},"2":{"start":{"line":6,"column":8},"end":{"line":8,"column":null}},"3":{"start":{"line":7,"column":12},"end":{"line":7,"column":19}},"4":{"start":{"line":9,"column":21},"end":{"line":9,"column":31}},"5":{"start":{"line":10,"column":23},"end":{"line":10,"column":58}},"6":{"start":{"line":11,"column":8},"end":{"line":13,"column":11}},"7":{"start":{"line":12,"column":12},"end":{"line":12,"column":41}},"8":{"start":{"line":14,"column":8},"end":{"line":14,"column":20}},"9":{"start":{"line":18,"column":8},"end":{"line":20,"column":null}},"10":{"start":{"line":19,"column":12},"end":{"line":19,"column":19}},"11":{"start":{"line":21,"column":24},"end":{"line":21,"column":37}},"12":{"start":{"line":23,"column":23},"end":{"line":23,"column":55}},"13":{"start":{"line":25,"column":8},"end":{"line":27,"column":11}},"14":{"start":{"line":26,"column":12},"end":{"line":26,"column":41}},"15":{"start":{"line":29,"column":8},"end":{"line":29,"column":23}},"16":{"start":{"line":4,"column":0},"end":{"line":4,"column":13}}},"fnMap":{"0":{"name":"(anonymous_0)","decl":{"start":{"line":5,"column":4},"end":{"line":5,"column":10}},"loc":{"start":{"line":5,"column":43},"end":{"line":15,"column":5}}},"1":{"name":"(anonymous_1)","decl":{"start":{"line":11,"column":23},"end":{"line":11,"column":28}},"loc":{"start":{"line":11,"column":31},"end":{"line":13,"column":9}}},"2":{"name":"(anonymous_2)","decl":{"start":{"line":17,"column":4},"end":{"line":17,"column":10}},"loc":{"start":{"line":17,"column":37},"end":{"line":30,"column":5}}},"3":{"name":"(anonymous_3)","decl":{"start":{"line":25,"column":23},"end":{"line":25,"column":28}},"loc":{"start":{"line":25,"column":31},"end":{"line":27,"column":9}}}},"branchMap":{"0":{"loc":{"start":{"line":6,"column":8},"end":{"line":8,"column":null}},"type":"if","locations":[{"start":{"line":6,"column":8},"end":{"line":8,"column":null}}]},"1":{"loc":{"start":{"line":18,"column":8},"end":{"line":20,"column":null}},"type":"if","locations":[{"start":{"line":18,"column":8},"end":{"line":20,"column":null}}]}},"s":{"0":3,"1":3,"2":9,"3":0,"4":9,"5":9,"6":9,"7":95,"8":9,"9":17,"10":1,"11":16,"12":16,"13":16,"14":256,"15":16,"16":3},"f":{"0":9,"1":95,"2":17,"3":256},"b":{"0":[0],"1":[1]}}
,"/Users/harry/Development/study/node-todo/src/web/rest/account.controller.ts": {"path":"/Users/harry/Development/study/node-todo/src/web/rest/account.controller.ts","statementMap":{"0":{"start":{"line":1,"column":0},"end":{"line":1,"column":null}},"1":{"start":{"line":16,"column":0},"end":{"line":16,"column":72}},"2":{"start":{"line":19,"column":0},"end":{"line":19,"column":83}},"3":{"start":{"line":20,"column":0},"end":{"line":20,"column":87}},"4":{"start":{"line":21,"column":0},"end":{"line":21,"column":57}},"5":{"start":{"line":26,"column":0},"end":{"line":43,"column":null}},"6":{"start":{"line":29,"column":33},"end":{"line":29,"column":46}},"7":{"start":{"line":27,"column":4},"end":{"line":27,"column":45}},"8":{"start":{"line":40,"column":26},"end":{"line":40,"column":34}},"9":{"start":{"line":41,"column":8},"end":{"line":41,"column":58}},"10":{"start":{"line":39,"column":4},"end":{"line":42,"column":null}},"11":{"start":{"line":26,"column":13},"end":{"line":43,"column":null}},"12":{"start":{"line":26,"column":13},"end":{"line":26,"column":30}}},"fnMap":{"0":{"name":"(anonymous_4)","decl":{"start":{"line":29,"column":4},"end":{"line":29,"column":33}},"loc":{"start":{"line":29,"column":57},"end":{"line":29,"column":61}}},"1":{"name":"(anonymous_5)","decl":{"start":{"line":39,"column":4},"end":{"line":39,"column":9}},"loc":{"start":{"line":39,"column":40},"end":{"line":42,"column":5}}}},"branchMap":{},"s":{"0":3,"1":3,"2":3,"3":3,"4":3,"5":3,"6":14,"7":14,"8":0,"9":0,"10":3,"11":3,"12":3},"f":{"0":14,"1":0},"b":{}}
,"/Users/harry/Development/study/node-todo/src/web/rest/management.controller.ts": {"path":"/Users/harry/Development/study/node-todo/src/web/rest/management.controller.ts","statementMap":{"0":{"start":{"line":1,"column":0},"end":{"line":1,"column":74}},"1":{"start":{"line":2,"column":0},"end":{"line":2,"column":83}},"2":{"start":{"line":3,"column":0},"end":{"line":3,"column":92}},"3":{"start":{"line":8,"column":0},"end":{"line":24,"column":null}},"4":{"start":{"line":9,"column":4},"end":{"line":9,"column":48}},"5":{"start":{"line":19,"column":8},"end":{"line":22,"column":10}},"6":{"start":{"line":18,"column":4},"end":{"line":23,"column":null}},"7":{"start":{"line":8,"column":13},"end":{"line":24,"column":null}},"8":{"start":{"line":8,"column":13},"end":{"line":8,"column":33}}},"fnMap":{"0":{"name":"(anonymous_2)","decl":{"start":{"line":8,"column":0},"end":{"line":8,"column":13}},"loc":{"start":{"line":8,"column":0},"end":{"line":24,"column":1}}},"1":{"name":"(anonymous_3)","decl":{"start":{"line":18,"column":4},"end":{"line":18,"column":8}},"loc":{"start":{"line":18,"column":8},"end":{"line":23,"column":5}}}},"branchMap":{},"s":{"0":3,"1":3,"2":3,"3":3,"4":14,"5":1,"6":3,"7":3,"8":3},"f":{"0":14,"1":1},"b":{}}
,"/Users/harry/Development/study/node-todo/src/web/rest/public.user.controller.ts": {"path":"/Users/harry/Development/study/node-todo/src/web/rest/public.user.controller.ts","statementMap":{"0":{"start":{"line":1,"column":0},"end":{"line":1,"column":107}},"1":{"start":{"line":2,"column":0},"end":{"line":2,"column":83}},"2":{"start":{"line":3,"column":0},"end":{"line":3,"column":72}},"3":{"start":{"line":4,"column":0},"end":{"line":4,"column":53}},"4":{"start":{"line":6,"column":0},"end":{"line":6,"column":54}},"5":{"start":{"line":7,"column":0},"end":{"line":7,"column":72}},"6":{"start":{"line":8,"column":0},"end":{"line":8,"column":57}},"7":{"start":{"line":13,"column":0},"end":{"line":52,"column":null}},"8":{"start":{"line":16,"column":33},"end":{"line":16,"column":46}},"9":{"start":{"line":14,"column":4},"end":{"line":14,"column":48}},"10":{"start":{"line":26,"column":26},"end":{"line":26,"column":40}},"11":{"start":{"line":27,"column":41},"end":{"line":27,"column":99}},"12":{"start":{"line":28,"column":33},"end":{"line":32,"column":10}},"13":{"start":{"line":33,"column":8},"end":{"line":33,"column":88}},"14":{"start":{"line":34,"column":8},"end":{"line":34,"column":23}},"15":{"start":{"line":46,"column":26},"end":{"line":46,"column":34}},"16":{"start":{"line":47,"column":8},"end":{"line":49,"column":null}},"17":{"start":{"line":48,"column":12},"end":{"line":48,"column":22}},"18":{"start":{"line":50,"column":8},"end":{"line":50,"column":32}},"19":{"start":{"line":25,"column":4},"end":{"line":35,"column":null}},"20":{"start":{"line":45,"column":4},"end":{"line":51,"column":null}},"21":{"start":{"line":13,"column":13},"end":{"line":52,"column":null}},"22":{"start":{"line":13,"column":13},"end":{"line":13,"column":33}}},"fnMap":{"0":{"name":"(anonymous_4)","decl":{"start":{"line":16,"column":4},"end":{"line":16,"column":33}},"loc":{"start":{"line":16,"column":57},"end":{"line":16,"column":61}}},"1":{"name":"(anonymous_5)","decl":{"start":{"line":25,"column":4},"end":{"line":25,"column":9}},"loc":{"start":{"line":25,"column":47},"end":{"line":35,"column":5}}},"2":{"name":"(anonymous_6)","decl":{"start":{"line":45,"column":4},"end":{"line":45,"column":18}},"loc":{"start":{"line":45,"column":34},"end":{"line":51,"column":5}}}},"branchMap":{"0":{"loc":{"start":{"line":47,"column":8},"end":{"line":49,"column":null}},"type":"if","locations":[{"start":{"line":47,"column":8},"end":{"line":49,"column":null}}]}},"s":{"0":3,"1":3,"2":3,"3":3,"4":3,"5":3,"6":3,"7":3,"8":14,"9":14,"10":1,"11":1,"12":1,"13":1,"14":1,"15":1,"16":1,"17":1,"18":0,"19":3,"20":3,"21":3,"22":3},"f":{"0":14,"1":1,"2":1},"b":{"0":[1]}}
,"/Users/harry/Development/study/node-todo/src/web/rest/todo.controller.ts": {"path":"/Users/harry/Development/study/node-todo/src/web/rest/todo.controller.ts","statementMap":{"0":{"start":{"line":1,"column":0},"end":{"line":1,"column":null}},"1":{"start":{"line":15,"column":0},"end":{"line":15,"column":87}},"2":{"start":{"line":16,"column":0},"end":{"line":16,"column":53}},"3":{"start":{"line":17,"column":0},"end":{"line":17,"column":57}},"4":{"start":{"line":18,"column":0},"end":{"line":18,"column":72}},"5":{"start":{"line":19,"column":0},"end":{"line":19,"column":72}},"6":{"start":{"line":20,"column":0},"end":{"line":20,"column":54}},"7":{"start":{"line":22,"column":0},"end":{"line":22,"column":83}},"8":{"start":{"line":29,"column":0},"end":{"line":115,"column":null}},"9":{"start":{"line":32,"column":33},"end":{"line":32,"column":46}},"10":{"start":{"line":30,"column":4},"end":{"line":30,"column":42}},"11":{"start":{"line":42,"column":41},"end":{"line":42,"column":104}},"12":{"start":{"line":43,"column":33},"end":{"line":47,"column":10}},"13":{"start":{"line":48,"column":8},"end":{"line":48,"column":88}},"14":{"start":{"line":49,"column":8},"end":{"line":49,"column":23}},"15":{"start":{"line":60,"column":8},"end":{"line":60,"column":51}},"16":{"start":{"line":73,"column":24},"end":{"line":73,"column":77}},"17":{"start":{"line":74,"column":8},"end":{"line":74,"column":72}},"18":{"start":{"line":75,"column":8},"end":{"line":75,"column":23}},"19":{"start":{"line":87,"column":8},"end":{"line":87,"column":72}},"20":{"start":{"line":88,"column":8},"end":{"line":88,"column":71}},"21":{"start":{"line":100,"column":8},"end":{"line":100,"column":72}},"22":{"start":{"line":101,"column":8},"end":{"line":101,"column":71}},"23":{"start":{"line":112,"column":8},"end":{"line":112,"column":64}},"24":{"start":{"line":113,"column":8},"end":{"line":113,"column":53}},"25":{"start":{"line":41,"column":4},"end":{"line":50,"column":null}},"26":{"start":{"line":59,"column":4},"end":{"line":61,"column":null}},"27":{"start":{"line":72,"column":4},"end":{"line":76,"column":null}},"28":{"start":{"line":86,"column":4},"end":{"line":89,"column":null}},"29":{"start":{"line":99,"column":4},"end":{"line":102,"column":null}},"30":{"start":{"line":111,"column":4},"end":{"line":114,"column":null}},"31":{"start":{"line":29,"column":13},"end":{"line":115,"column":null}},"32":{"start":{"line":29,"column":13},"end":{"line":29,"column":27}}},"fnMap":{"0":{"name":"(anonymous_4)","decl":{"start":{"line":32,"column":4},"end":{"line":32,"column":33}},"loc":{"start":{"line":32,"column":57},"end":{"line":32,"column":61}}},"1":{"name":"(anonymous_5)","decl":{"start":{"line":41,"column":4},"end":{"line":41,"column":9}},"loc":{"start":{"line":41,"column":36},"end":{"line":50,"column":5}}},"2":{"name":"(anonymous_6)","decl":{"start":{"line":59,"column":4},"end":{"line":59,"column":9}},"loc":{"start":{"line":59,"column":40},"end":{"line":61,"column":5}}},"3":{"name":"(anonymous_7)","decl":{"start":{"line":72,"column":4},"end":{"line":72,"column":9}},"loc":{"start":{"line":72,"column":60},"end":{"line":76,"column":5}}},"4":{"name":"(anonymous_8)","decl":{"start":{"line":86,"column":4},"end":{"line":86,"column":9}},"loc":{"start":{"line":86,"column":59},"end":{"line":89,"column":5}}},"5":{"name":"(anonymous_9)","decl":{"start":{"line":99,"column":4},"end":{"line":99,"column":9}},"loc":{"start":{"line":99,"column":61},"end":{"line":102,"column":5}}},"6":{"name":"(anonymous_10)","decl":{"start":{"line":111,"column":4},"end":{"line":111,"column":9}},"loc":{"start":{"line":111,"column":65},"end":{"line":114,"column":5}}}},"branchMap":{"0":{"loc":{"start":{"line":73,"column":59},"end":{"line":73,"column":76}},"type":"cond-expr","locations":[{"start":{"line":73,"column":69},"end":{"line":73,"column":71}},{"start":{"line":73,"column":69},"end":{"line":73,"column":76}}]},"1":{"loc":{"start":{"line":73,"column":59},"end":{"line":73,"column":71}},"type":"binary-expr","locations":[{"start":{"line":73,"column":59},"end":{"line":73,"column":71}},{"start":{"line":73,"column":69},"end":{"line":73,"column":71}}]},"2":{"loc":{"start":{"line":88,"column":52},"end":{"line":88,"column":69}},"type":"cond-expr","locations":[{"start":{"line":88,"column":62},"end":{"line":88,"column":64}},{"start":{"line":88,"column":62},"end":{"line":88,"column":69}}]},"3":{"loc":{"start":{"line":88,"column":52},"end":{"line":88,"column":64}},"type":"binary-expr","locations":[{"start":{"line":88,"column":52},"end":{"line":88,"column":64}},{"start":{"line":88,"column":62},"end":{"line":88,"column":64}}]},"4":{"loc":{"start":{"line":101,"column":52},"end":{"line":101,"column":69}},"type":"cond-expr","locations":[{"start":{"line":101,"column":62},"end":{"line":101,"column":64}},{"start":{"line":101,"column":62},"end":{"line":101,"column":69}}]},"5":{"loc":{"start":{"line":101,"column":52},"end":{"line":101,"column":64}},"type":"binary-expr","locations":[{"start":{"line":101,"column":52},"end":{"line":101,"column":64}},{"start":{"line":101,"column":62},"end":{"line":101,"column":64}}]}},"s":{"0":3,"1":3,"2":3,"3":3,"4":3,"5":3,"6":3,"7":3,"8":3,"9":14,"10":14,"11":1,"12":1,"13":1,"14":1,"15":1,"16":1,"17":1,"18":1,"19":1,"20":1,"21":1,"22":1,"23":1,"24":1,"25":3,"26":3,"27":3,"28":3,"29":3,"30":3,"31":3,"32":3},"f":{"0":14,"1":1,"2":1,"3":1,"4":1,"5":1,"6":1},"b":{"0":[1,0],"1":[1,1],"2":[1,0],"3":[1,1],"4":[1,0],"5":[1,1]}}
,"/Users/harry/Development/study/node-todo/src/web/rest/user.controller.ts": {"path":"/Users/harry/Development/study/node-todo/src/web/rest/user.controller.ts","statementMap":{"0":{"start":{"line":1,"column":0},"end":{"line":1,"column":null}},"1":{"start":{"line":15,"column":0},"end":{"line":15,"column":72}},"2":{"start":{"line":16,"column":0},"end":{"line":16,"column":72}},"3":{"start":{"line":17,"column":0},"end":{"line":17,"column":53}},"4":{"start":{"line":18,"column":0},"end":{"line":18,"column":54}},"5":{"start":{"line":20,"column":0},"end":{"line":20,"column":83}},"6":{"start":{"line":21,"column":0},"end":{"line":21,"column":87}},"7":{"start":{"line":22,"column":0},"end":{"line":22,"column":57}},"8":{"start":{"line":29,"column":0},"end":{"line":121,"column":null}},"9":{"start":{"line":32,"column":33},"end":{"line":32,"column":46}},"10":{"start":{"line":30,"column":4},"end":{"line":30,"column":42}},"11":{"start":{"line":43,"column":26},"end":{"line":43,"column":40}},"12":{"start":{"line":44,"column":41},"end":{"line":44,"column":99}},"13":{"start":{"line":45,"column":33},"end":{"line":49,"column":10}},"14":{"start":{"line":50,"column":8},"end":{"line":50,"column":88}},"15":{"start":{"line":51,"column":8},"end":{"line":51,"column":23}},"16":{"start":{"line":64,"column":8},"end":{"line":64,"column":41}},"17":{"start":{"line":65,"column":24},"end":{"line":65,"column":77}},"18":{"start":{"line":66,"column":8},"end":{"line":66,"column":72}},"19":{"start":{"line":67,"column":8},"end":{"line":67,"column":23}},"20":{"start":{"line":79,"column":25},"end":{"line":79,"column":89}},"21":{"start":{"line":80,"column":22},"end":{"line":80,"column":27}},"22":{"start":{"line":81,"column":8},"end":{"line":86,"column":null}},"23":{"start":{"line":82,"column":12},"end":{"line":82,"column":37}},"24":{"start":{"line":83,"column":12},"end":{"line":83,"column":27}},"25":{"start":{"line":85,"column":12},"end":{"line":85,"column":45}},"26":{"start":{"line":87,"column":33},"end":{"line":87,"column":88}},"27":{"start":{"line":88,"column":8},"end":{"line":92,"column":null}},"28":{"start":{"line":89,"column":12},"end":{"line":89,"column":85}},"29":{"start":{"line":91,"column":12},"end":{"line":91,"column":85}},"30":{"start":{"line":93,"column":8},"end":{"line":93,"column":32}},"31":{"start":{"line":105,"column":8},"end":{"line":105,"column":77}},"32":{"start":{"line":117,"column":8},"end":{"line":117,"column":72}},"33":{"start":{"line":118,"column":29},"end":{"line":118,"column":90}},"34":{"start":{"line":119,"column":8},"end":{"line":119,"column":59}},"35":{"start":{"line":42,"column":4},"end":{"line":52,"column":null}},"36":{"start":{"line":63,"column":4},"end":{"line":68,"column":null}},"37":{"start":{"line":78,"column":4},"end":{"line":94,"column":null}},"38":{"start":{"line":104,"column":4},"end":{"line":106,"column":null}},"39":{"start":{"line":116,"column":4},"end":{"line":120,"column":null}},"40":{"start":{"line":29,"column":13},"end":{"line":121,"column":null}},"41":{"start":{"line":29,"column":13},"end":{"line":29,"column":27}}},"fnMap":{"0":{"name":"(anonymous_4)","decl":{"start":{"line":32,"column":4},"end":{"line":32,"column":33}},"loc":{"start":{"line":32,"column":57},"end":{"line":32,"column":61}}},"1":{"name":"(anonymous_5)","decl":{"start":{"line":42,"column":4},"end":{"line":42,"column":9}},"loc":{"start":{"line":42,"column":41},"end":{"line":52,"column":5}}},"2":{"name":"(anonymous_6)","decl":{"start":{"line":63,"column":4},"end":{"line":63,"column":9}},"loc":{"start":{"line":63,"column":66},"end":{"line":68,"column":5}}},"3":{"name":"(anonymous_7)","decl":{"start":{"line":78,"column":4},"end":{"line":78,"column":9}},"loc":{"start":{"line":78,"column":66},"end":{"line":94,"column":5}}},"4":{"name":"(anonymous_8)","decl":{"start":{"line":104,"column":4},"end":{"line":104,"column":9}},"loc":{"start":{"line":104,"column":52},"end":{"line":106,"column":5}}},"5":{"name":"(anonymous_9)","decl":{"start":{"line":116,"column":4},"end":{"line":116,"column":9}},"loc":{"start":{"line":116,"column":76},"end":{"line":120,"column":5}}}},"branchMap":{"0":{"loc":{"start":{"line":65,"column":59},"end":{"line":65,"column":76}},"type":"cond-expr","locations":[{"start":{"line":65,"column":69},"end":{"line":65,"column":71}},{"start":{"line":65,"column":69},"end":{"line":65,"column":76}}]},"1":{"loc":{"start":{"line":65,"column":59},"end":{"line":65,"column":71}},"type":"binary-expr","locations":[{"start":{"line":65,"column":59},"end":{"line":65,"column":71}},{"start":{"line":65,"column":69},"end":{"line":65,"column":71}}]},"2":{"loc":{"start":{"line":81,"column":8},"end":{"line":86,"column":null}},"type":"if","locations":[{"start":{"line":81,"column":8},"end":{"line":86,"column":null}},{"start":{"line":84,"column":15},"end":{"line":86,"column":null}}]},"3":{"loc":{"start":{"line":81,"column":12},"end":{"line":81,"column":35}},"type":"binary-expr","locations":[{"start":{"line":81,"column":12},"end":{"line":81,"column":20}},{"start":{"line":81,"column":24},"end":{"line":81,"column":35}}]},"4":{"loc":{"start":{"line":87,"column":70},"end":{"line":87,"column":87}},"type":"cond-expr","locations":[{"start":{"line":87,"column":80},"end":{"line":87,"column":82}},{"start":{"line":87,"column":80},"end":{"line":87,"column":87}}]},"5":{"loc":{"start":{"line":87,"column":70},"end":{"line":87,"column":82}},"type":"binary-expr","locations":[{"start":{"line":87,"column":70},"end":{"line":87,"column":82}},{"start":{"line":87,"column":80},"end":{"line":87,"column":82}}]},"6":{"loc":{"start":{"line":88,"column":8},"end":{"line":92,"column":null}},"type":"if","locations":[{"start":{"line":88,"column":8},"end":{"line":92,"column":null}},{"start":{"line":90,"column":15},"end":{"line":92,"column":null}}]}},"s":{"0":3,"1":3,"2":3,"3":3,"4":3,"5":3,"6":3,"7":3,"8":3,"9":14,"10":14,"11":0,"12":0,"13":0,"14":0,"15":0,"16":1,"17":1,"18":1,"19":1,"20":1,"21":1,"22":1,"23":1,"24":1,"25":0,"26":1,"27":1,"28":1,"29":0,"30":1,"31":1,"32":1,"33":1,"34":1,"35":3,"36":3,"37":3,"38":3,"39":3,"40":3,"41":3},"f":{"0":14,"1":0,"2":1,"3":1,"4":1,"5":1},"b":{"0":[1,0],"1":[1,1],"2":[1,0],"3":[1,1],"4":[1,0],"5":[1,1],"6":[1,0]}}
,"/Users/harry/Development/study/node-todo/src/web/rest/user.jwt.controller.ts": {"path":"/Users/harry/Development/study/node-todo/src/web/rest/user.jwt.controller.ts","statementMap":{"0":{"start":{"line":1,"column":0},"end":{"line":1,"column":91}},"1":{"start":{"line":3,"column":0},"end":{"line":3,"column":64}},"2":{"start":{"line":4,"column":0},"end":{"line":4,"column":57}},"3":{"start":{"line":5,"column":0},"end":{"line":5,"column":83}},"4":{"start":{"line":6,"column":0},"end":{"line":6,"column":72}},"5":{"start":{"line":11,"column":0},"end":{"line":27,"column":null}},"6":{"start":{"line":14,"column":33},"end":{"line":14,"column":46}},"7":{"start":{"line":12,"column":4},"end":{"line":12,"column":45}},"8":{"start":{"line":23,"column":20},"end":{"line":23,"column":54}},"9":{"start":{"line":24,"column":8},"end":{"line":24,"column":65}},"10":{"start":{"line":25,"column":8},"end":{"line":25,"column":29}},"11":{"start":{"line":22,"column":4},"end":{"line":26,"column":null}},"12":{"start":{"line":11,"column":13},"end":{"line":27,"column":null}},"13":{"start":{"line":11,"column":13},"end":{"line":11,"column":30}}},"fnMap":{"0":{"name":"(anonymous_4)","decl":{"start":{"line":14,"column":4},"end":{"line":14,"column":33}},"loc":{"start":{"line":14,"column":57},"end":{"line":14,"column":61}}},"1":{"name":"(anonymous_5)","decl":{"start":{"line":22,"column":4},"end":{"line":22,"column":9}},"loc":{"start":{"line":22,"column":89},"end":{"line":26,"column":5}}}},"branchMap":{},"s":{"0":3,"1":3,"2":3,"3":3,"4":3,"5":3,"6":14,"7":14,"8":0,"9":0,"10":0,"11":3,"12":3,"13":3},"f":{"0":14,"1":0},"b":{}}
}
