TN:
SF:src/app.module.ts
FNF:0
FNH:0
DA:1,3
DA:2,3
DA:3,3
DA:4,3
DA:5,3
DA:12,3
LF:6
LH:6
BRF:0
BRH:0
end_of_record
TN:
SF:src/config.ts
FN:25,(anonymous_2)
FN:29,(anonymous_3)
FN:33,(anonymous_4)
FN:43,(anonymous_5)
FN:54,(anonymous_6)
FN:59,(anonymous_7)
FN:74,objectToArray
FN:91,ipAddress
FNF:8
FNH:7
FNDA:3,(anonymous_2)
FNDA:15,(anonymous_3)
FNDA:3,(anonymous_4)
FNDA:3,(anonymous_5)
FNDA:54,(anonymous_6)
FNDA:0,(anonymous_7)
FNDA:69,objectToArray
FNDA:3,ipAddress
DA:1,3
DA:2,3
DA:3,3
DA:4,3
DA:6,3
DA:8,3
DA:9,3
DA:10,3
DA:11,3
DA:12,3
DA:13,3
DA:14,3
DA:15,3
DA:16,3
DA:17,3
DA:18,3
DA:19,3
DA:20,3
DA:21,3
DA:22,3
DA:23,3
DA:26,3
DA:30,15
DA:34,3
DA:35,3
DA:36,48
DA:37,48
DA:40,3
DA:44,3
DA:45,3
DA:46,54
DA:47,54
DA:48,54
DA:49,54
DA:56,54
DA:57,39
DA:59,0
DA:62,15
DA:66,3
DA:67,3
DA:68,3
DA:69,3
DA:70,3
DA:72,3
DA:75,69
DA:76,69
DA:77,156
DA:78,156
DA:79,156
DA:81,156
DA:82,60
DA:84,96
DA:88,69
DA:92,3
DA:93,3
DA:94,9
DA:95,9
DA:96,9
DA:97,18
DA:98,3
DA:104,0
LF:61
LH:59
BRDA:36,0,0,48
BRDA:46,1,0,54
BRDA:56,2,0,39
BRDA:75,3,0,69
BRDA:75,3,1,9
BRDA:77,4,0,156
BRDA:78,5,0,99
BRDA:78,5,1,57
BRDA:81,6,0,60
BRDA:81,6,1,96
BRDA:94,7,0,9
BRDA:97,8,0,3
BRDA:97,9,0,18
BRDA:97,9,1,6
BRDA:97,9,2,3
BRF:15
BRH:15
end_of_record
TN:
SF:src/orm.config.ts
FN:3,ormConfig
FNF:1
FNH:1
FNDA:14,ormConfig
DA:4,14
DA:14,14
DA:26,14
DA:27,0
DA:44,14
DA:45,14
DA:58,14
DA:61,3
LF:8
LH:7
BRDA:26,0,0,0
BRDA:44,1,0,14
BRF:2
BRH:1
end_of_record
TN:
SF:src/client/header-util.ts
FN:9,(anonymous_0)
FN:14,(anonymous_1)
FN:22,(anonymous_2)
FN:30,(anonymous_3)
FN:38,(anonymous_4)
FN:55,(anonymous_5)
FNF:6
FNH:6
FNDA:7,(anonymous_0)
FNDA:4,(anonymous_1)
FNDA:1,(anonymous_2)
FNDA:2,(anonymous_3)
FNDA:2,(anonymous_4)
FNDA:5,(anonymous_5)
DA:1,3
DA:5,3
DA:6,3
DA:8,3
DA:10,7
DA:11,7
DA:15,4
DA:16,4
DA:19,4
DA:23,1
DA:24,1
DA:27,1
DA:31,2
DA:32,2
DA:35,2
DA:39,2
DA:40,2
DA:41,2
DA:42,2
DA:43,2
DA:44,2
DA:45,1
DA:47,2
DA:48,0
DA:50,2
DA:51,2
DA:52,2
DA:56,5
DA:57,5
DA:58,5
DA:59,5
DA:60,5
LF:32
LH:31
BRDA:16,0,0,4
BRDA:16,0,1,0
BRDA:24,1,0,1
BRDA:24,1,1,0
BRDA:32,2,0,2
BRDA:32,2,1,0
BRDA:44,3,0,1
BRDA:47,4,0,0
BRF:8
BRH:4
end_of_record
TN:
SF:src/client/interceptors/logging.interceptor.ts
FN:7,(anonymous_1)
FNF:1
FNH:1
FNDA:13,(anonymous_1)
DA:1,3
DA:6,3
DA:8,13
DA:9,13
DA:13,13
LF:5
LH:5
BRF:0
BRH:0
end_of_record
TN:
SF:src/domain/authority.entity.ts
FNF:0
FNH:0
DA:1,3
DA:2,3
DA:5,3
DA:8,3
LF:4
LH:4
BRF:0
BRH:0
end_of_record
TN:
SF:src/domain/todo.entity.ts
FNF:0
FNH:0
DA:1,3
DA:2,3
DA:8,3
DA:10,3
DA:13,3
DA:16,3
LF:6
LH:6
BRF:0
BRH:0
end_of_record
TN:
SF:src/domain/user.entity.ts
FN:21,(anonymous_2)
FNF:1
FNH:1
FNDA:3,(anonymous_2)
DA:1,3
DA:2,3
DA:3,3
DA:4,3
DA:7,3
DA:9,3
DA:11,3
DA:13,3
DA:15,3
DA:17,3
DA:19,3
DA:21,3
DA:23,3
DA:29,3
DA:31,3
DA:33,3
DA:35,3
DA:37,3
LF:18
LH:18
BRF:0
BRH:0
end_of_record
TN:
SF:src/domain/base/base.entity.ts
FNF:0
FNH:0
DA:1,3
DA:3,3
DA:5,3
DA:8,3
DA:10,3
DA:12,3
DA:14,3
LF:7
LH:7
BRF:0
BRH:0
end_of_record
TN:
SF:src/domain/base/pagination.entity.ts
FN:7,(anonymous_2)
FN:13,(anonymous_3)
FN:28,(anonymous_4)
FN:25,(anonymous_5)
FN:36,(anonymous_6)
FNF:5
FNH:4
FNDA:2,(anonymous_2)
FNDA:2,(anonymous_3)
FNDA:2,(anonymous_4)
FNDA:0,(anonymous_5)
FNDA:2,(anonymous_6)
DA:2,3
DA:4,3
DA:8,2
DA:9,2
DA:14,2
DA:15,2
DA:16,2
DA:20,3
DA:22,3
DA:24,3
DA:25,0
DA:26,3
DA:29,2
DA:30,2
DA:31,2
DA:35,3
DA:36,2
LF:17
LH:16
BRDA:8,0,0,2
BRDA:29,1,0,2
BRDA:29,1,1,2
BRDA:30,2,0,2
BRDA:30,2,1,2
BRDA:31,3,0,0
BRDA:31,3,1,2
BRF:7
BRH:6
end_of_record
TN:
SF:src/migrations/1570200270081-CreateTables.ts
FN:4,(anonymous_0)
FN:14,(anonymous_1)
FNF:2
FNH:1
FNDA:3,(anonymous_0)
FNDA:0,(anonymous_1)
DA:3,3
DA:5,3
DA:6,0
DA:7,0
DA:10,0
LF:5
LH:2
BRDA:5,0,0,0
BRDA:6,1,0,0
BRF:2
BRH:0
end_of_record
TN:
SF:src/migrations/1570200490072-SeedUsersRoles.ts
FN:6,(anonymous_0)
FN:63,(anonymous_1)
FN:75,(anonymous_2)
FN:80,(anonymous_3)
FNF:4
FNH:3
FNDA:3,(anonymous_0)
FNDA:3,(anonymous_1)
FNDA:12,(anonymous_2)
FNDA:0,(anonymous_3)
DA:1,3
DA:3,3
DA:6,3
DA:7,3
DA:9,3
DA:11,3
DA:24,3
DA:37,3
DA:50,3
DA:64,3
DA:66,3
DA:67,3
DA:69,3
DA:71,3
DA:72,3
DA:73,3
DA:75,12
DA:77,3
LF:18
LH:18
BRF:0
BRH:0
end_of_record
TN:
SF:src/module/auth.module.ts
FNF:0
FNH:0
DA:1,3
DA:2,3
DA:3,3
DA:4,3
DA:5,3
DA:6,3
DA:7,3
DA:8,3
DA:9,3
DA:10,3
DA:12,3
DA:13,3
DA:29,3
LF:13
LH:13
BRF:0
BRH:0
end_of_record
TN:
SF:src/module/todo.module.ts
FNF:0
FNH:0
DA:1,3
DA:2,3
DA:3,3
DA:4,3
DA:5,3
DA:13,3
LF:6
LH:6
BRF:0
BRH:0
end_of_record
TN:
SF:src/module/user.module.ts
FNF:0
FNH:0
DA:1,3
DA:2,3
DA:3,3
DA:4,3
DA:5,3
DA:6,3
DA:14,3
LF:7
LH:7
BRF:0
BRH:0
end_of_record
TN:
SF:src/repository/authority.repository.ts
FNF:0
FNH:0
DA:1,3
DA:2,3
DA:5,3
LF:3
LH:3
BRF:0
BRH:0
end_of_record
TN:
SF:src/repository/todo.repository.ts
FNF:0
FNH:0
DA:1,3
DA:2,3
DA:5,3
LF:3
LH:3
BRF:0
BRH:0
end_of_record
TN:
SF:src/repository/user.repository.ts
FNF:0
FNH:0
DA:1,3
DA:2,3
DA:5,3
LF:3
LH:3
BRF:0
BRH:0
end_of_record
TN:
SF:src/security/index.ts
FNF:0
FNH:0
DA:1,3
DA:2,3
DA:3,3
DA:4,3
DA:5,3
DA:6,3
LF:6
LH:6
BRF:0
BRH:0
end_of_record
TN:
SF:src/security/passport.jwt.strategy.ts
FN:10,(anonymous_2)
FN:18,(anonymous_3)
FNF:2
FNH:1
FNDA:14,(anonymous_2)
FNDA:0,(anonymous_3)
DA:1,3
DA:2,3
DA:3,3
DA:5,3
DA:6,3
DA:9,3
DA:10,14
DA:11,14
DA:19,0
DA:20,0
DA:21,0
DA:24,0
LF:12
LH:8
BRDA:20,0,0,0
BRF:1
BRH:0
end_of_record
TN:
SF:src/security/password-util.ts
FN:4,transformPassword
FNF:1
FNH:1
FNDA:12,transformPassword
DA:1,3
DA:2,3
DA:4,3
DA:5,12
DA:6,12
DA:11,12
LF:6
LH:6
BRDA:5,0,0,12
BRF:1
BRH:1
end_of_record
TN:
SF:src/security/role-type.ts
FN:3,(anonymous_0)
FNF:1
FNH:1
FNDA:3,(anonymous_0)
DA:3,3
DA:4,3
DA:5,3
DA:6,3
LF:4
LH:4
BRDA:3,0,0,3
BRDA:3,0,1,3
BRF:2
BRH:2
end_of_record
TN:
SF:src/security/decorators/auth-user.decorator.ts
FN:3,(anonymous_0)
FNF:1
FNH:0
FNDA:0,(anonymous_0)
DA:1,3
DA:3,3
DA:4,0
DA:5,0
LF:4
LH:2
BRF:0
BRH:0
end_of_record
TN:
SF:src/security/decorators/roles.decorator.ts
FN:4,(anonymous_0)
FNF:1
FNH:1
FNDA:33,(anonymous_0)
DA:1,3
DA:4,33
LF:2
LH:2
BRF:0
BRH:0
end_of_record
TN:
SF:src/security/guards/auth.guard.ts
FN:5,(anonymous_1)
FN:8,(anonymous_2)
FNF:2
FNH:1
FNDA:9,(anonymous_1)
FNDA:0,(anonymous_2)
DA:1,3
DA:2,3
DA:5,3
DA:6,9
DA:9,0
LF:5
LH:4
BRF:0
BRH:0
end_of_record
TN:
SF:src/security/guards/roles.guard.ts
FN:7,(anonymous_2)
FN:9,(anonymous_3)
FN:19,(anonymous_4)
FNF:3
FNH:1
FNDA:6,(anonymous_2)
FNDA:0,(anonymous_3)
FNDA:0,(anonymous_4)
DA:1,3
DA:2,3
DA:6,3
DA:7,6
DA:10,0
DA:12,0
DA:13,0
DA:16,0
DA:17,0
DA:19,0
LF:10
LH:4
BRDA:12,0,0,0
BRDA:19,1,0,0
BRDA:19,1,1,0
BRDA:19,1,2,0
BRF:4
BRH:0
end_of_record
TN:
SF:src/service/auth.service.ts
FN:15,(anonymous_5)
FN:21,(anonymous_6)
FN:44,(anonymous_7)
FN:48,(anonymous_8)
FN:53,(anonymous_9)
FN:61,(anonymous_10)
FN:75,(anonymous_11)
FN:89,(anonymous_12)
FN:107,(anonymous_13)
FNF:9
FNH:2
FNDA:14,(anonymous_5)
FNDA:0,(anonymous_6)
FNDA:0,(anonymous_7)
FNDA:0,(anonymous_8)
FNDA:0,(anonymous_9)
FNDA:0,(anonymous_10)
FNDA:0,(anonymous_11)
FNDA:0,(anonymous_12)
FNDA:1,(anonymous_13)
DA:1,3
DA:2,3
DA:3,3
DA:6,3
DA:7,3
DA:8,3
DA:13,3
DA:14,14
DA:16,14
DA:17,14
DA:18,14
DA:22,0
DA:23,0
DA:25,0
DA:26,0
DA:27,0
DA:28,0
DA:31,0
DA:32,0
DA:35,0
DA:37,0
DA:39,0
DA:45,0
DA:49,0
DA:50,0
DA:54,0
DA:55,0
DA:56,0
DA:58,0
DA:62,0
DA:63,0
DA:64,0
DA:67,0
DA:68,0
DA:70,0
DA:71,0
DA:72,0
DA:76,0
DA:77,0
DA:78,0
DA:80,0
DA:81,0
DA:82,0
DA:84,0
DA:85,0
DA:86,0
DA:90,0
DA:91,0
DA:92,0
DA:94,0
DA:95,0
DA:96,0
DA:99,0
DA:100,0
DA:101,0
DA:102,0
DA:103,0
DA:104,0
DA:108,1
LF:59
LH:12
BRDA:26,0,0,0
BRDA:26,0,1,0
BRDA:27,1,0,0
BRDA:27,2,0,0
BRDA:27,2,1,0
BRDA:31,3,0,0
BRDA:31,4,0,0
BRDA:31,4,1,0
BRDA:55,5,0,0
BRDA:63,6,0,0
BRDA:67,7,0,0
BRDA:77,8,0,0
BRDA:81,9,0,0
BRDA:91,10,0,0
BRDA:95,11,0,0
BRDA:95,12,0,0
BRDA:95,12,1,0
BRF:17
BRH:0
end_of_record
TN:
SF:src/service/todo.service.ts
FN:14,(anonymous_4)
FN:16,(anonymous_5)
FN:22,(anonymous_6)
FN:27,(anonymous_7)
FN:32,(anonymous_8)
FN:38,(anonymous_9)
FN:50,(anonymous_10)
FN:59,(anonymous_11)
FNF:8
FNH:1
FNDA:8,(anonymous_4)
FNDA:0,(anonymous_5)
FNDA:0,(anonymous_6)
FNDA:0,(anonymous_7)
FNDA:0,(anonymous_8)
FNDA:0,(anonymous_9)
FNDA:0,(anonymous_10)
FNDA:0,(anonymous_11)
DA:1,3
DA:2,3
DA:5,3
DA:6,3
DA:8,3
DA:11,3
DA:12,8
DA:14,8
DA:17,0
DA:18,0
DA:19,0
DA:23,0
DA:24,0
DA:28,0
DA:29,0
DA:30,0
DA:31,0
DA:32,0
DA:33,0
DA:35,0
DA:39,0
DA:40,0
DA:41,0
DA:42,0
DA:44,0
DA:46,0
DA:47,0
DA:51,0
DA:52,0
DA:53,0
DA:55,0
DA:56,0
DA:60,0
DA:61,0
DA:62,0
DA:63,0
DA:65,0
LF:37
LH:8
BRDA:31,0,0,0
BRDA:31,1,0,0
BRDA:31,1,1,0
BRDA:40,2,0,0
BRDA:41,3,0,0
BRDA:52,4,0,0
BRDA:62,5,0,0
BRF:7
BRH:0
end_of_record
TN:
SF:src/service/user.service.ts
FN:12,(anonymous_4)
FN:14,(anonymous_5)
FN:19,(anonymous_6)
FN:25,(anonymous_7)
FN:30,(anonymous_8)
FN:35,(anonymous_9)
FN:41,(anonymous_10)
FN:56,(anonymous_11)
FN:60,(anonymous_12)
FN:66,(anonymous_13)
FN:69,(anonymous_14)
FN:75,(anonymous_15)
FN:78,(anonymous_16)
FNF:13
FNH:11
FNDA:14,(anonymous_4)
FNDA:1,(anonymous_5)
FNDA:0,(anonymous_6)
FNDA:3,(anonymous_7)
FNDA:1,(anonymous_8)
FNDA:4,(anonymous_9)
FNDA:5,(anonymous_10)
FNDA:1,(anonymous_11)
FNDA:4,(anonymous_12)
FNDA:13,(anonymous_13)
FNDA:5,(anonymous_14)
FNDA:5,(anonymous_15)
FNDA:0,(anonymous_16)
DA:1,3
DA:2,3
DA:5,3
DA:6,3
DA:8,3
DA:11,3
DA:12,14
DA:15,1
DA:16,1
DA:20,0
DA:21,0
DA:22,0
DA:26,3
DA:27,3
DA:31,1
DA:32,1
DA:33,1
DA:34,1
DA:35,4
DA:36,1
DA:38,1
DA:42,5
DA:43,5
DA:44,0
DA:46,5
DA:47,0
DA:48,0
DA:50,0
DA:52,5
DA:53,5
DA:57,1
DA:61,4
DA:62,4
DA:63,4
DA:67,13
DA:68,4
DA:69,5
DA:70,4
DA:72,13
DA:76,5
DA:77,0
DA:78,0
DA:79,0
DA:81,5
LF:44
LH:34
BRDA:34,0,0,1
BRDA:34,1,0,1
BRDA:34,1,1,1
BRDA:41,2,0,5
BRDA:43,3,0,0
BRDA:46,4,0,0
BRDA:47,5,0,0
BRDA:67,6,0,4
BRDA:67,7,0,13
BRDA:67,7,1,12
BRDA:76,8,0,0
BRDA:76,9,0,5
BRDA:76,9,1,5
BRF:13
BRH:9
end_of_record
TN:
SF:src/service/dto/base.dto.ts
FNF:0
FNH:0
DA:1,3
LF:1
LH:1
BRF:0
BRH:0
end_of_record
TN:
SF:src/service/dto/todo.dto.ts
FNF:0
FNH:0
DA:1,3
DA:2,3
DA:3,3
DA:5,3
DA:8,3
DA:12,3
DA:15,3
LF:7
LH:7
BRF:0
BRH:0
end_of_record
TN:
SF:src/service/dto/user-login.dto.ts
FNF:0
FNH:0
DA:1,3
DA:2,3
DA:4,3
DA:7,3
DA:10,3
DA:14,3
LF:6
LH:6
BRF:0
BRH:0
end_of_record
TN:
SF:src/service/dto/user.dto.ts
FNF:0
FNH:0
DA:1,3
DA:2,3
DA:3,3
DA:4,3
DA:6,3
DA:9,3
DA:12,3
DA:15,3
DA:19,3
DA:22,3
DA:25,3
DA:33,3
DA:37,3
DA:40,3
LF:14
LH:14
BRF:0
BRH:0
end_of_record
TN:
SF:src/service/mapper/todo.mapper.ts
FN:5,(anonymous_0)
FN:11,(anonymous_1)
FN:17,(anonymous_2)
FN:25,(anonymous_3)
FNF:4
FNH:0
FNDA:0,(anonymous_0)
FNDA:0,(anonymous_1)
FNDA:0,(anonymous_2)
FNDA:0,(anonymous_3)
DA:1,3
DA:2,3
DA:4,3
DA:6,0
DA:7,0
DA:9,0
DA:10,0
DA:11,0
DA:12,0
DA:14,0
DA:18,0
DA:19,0
DA:21,0
DA:23,0
DA:25,0
DA:26,0
DA:29,0
LF:17
LH:3
BRDA:6,0,0,0
BRDA:18,1,0,0
BRF:2
BRH:0
end_of_record
TN:
SF:src/service/mapper/user.mapper.ts
FN:5,(anonymous_0)
FN:11,(anonymous_1)
FN:17,(anonymous_2)
FN:25,(anonymous_3)
FNF:4
FNH:4
FNDA:9,(anonymous_0)
FNDA:95,(anonymous_1)
FNDA:17,(anonymous_2)
FNDA:256,(anonymous_3)
DA:1,3
DA:2,3
DA:4,3
DA:6,9
DA:7,0
DA:9,9
DA:10,9
DA:11,9
DA:12,95
DA:14,9
DA:18,17
DA:19,1
DA:21,16
DA:23,16
DA:25,16
DA:26,256
DA:29,16
LF:17
LH:16
BRDA:6,0,0,0
BRDA:18,1,0,1
BRF:2
BRH:1
end_of_record
TN:
SF:src/web/rest/account.controller.ts
FN:29,(anonymous_4)
FN:39,(anonymous_5)
FNF:2
FNH:1
FNDA:14,(anonymous_4)
FNDA:0,(anonymous_5)
DA:1,3
DA:16,3
DA:19,3
DA:20,3
DA:21,3
DA:26,3
DA:27,14
DA:29,14
DA:39,3
DA:40,0
DA:41,0
LF:11
LH:9
BRF:0
BRH:0
end_of_record
TN:
SF:src/web/rest/management.controller.ts
FN:8,(anonymous_2)
FN:18,(anonymous_3)
FNF:2
FNH:2
FNDA:14,(anonymous_2)
FNDA:1,(anonymous_3)
DA:1,3
DA:2,3
DA:3,3
DA:8,3
DA:9,14
DA:18,3
DA:19,1
LF:7
LH:7
BRF:0
BRH:0
end_of_record
TN:
SF:src/web/rest/public.user.controller.ts
FN:16,(anonymous_4)
FN:25,(anonymous_5)
FN:45,(anonymous_6)
FNF:3
FNH:3
FNDA:14,(anonymous_4)
FNDA:1,(anonymous_5)
FNDA:1,(anonymous_6)
DA:1,3
DA:2,3
DA:3,3
DA:4,3
DA:6,3
DA:7,3
DA:8,3
DA:13,3
DA:14,14
DA:16,14
DA:25,3
DA:26,1
DA:27,1
DA:28,1
DA:33,1
DA:34,1
DA:45,3
DA:46,1
DA:47,1
DA:48,1
DA:50,0
LF:21
LH:20
BRDA:47,0,0,1
BRF:1
BRH:1
end_of_record
TN:
SF:src/web/rest/todo.controller.ts
FN:32,(anonymous_4)
FN:41,(anonymous_5)
FN:59,(anonymous_6)
FN:72,(anonymous_7)
FN:86,(anonymous_8)
FN:99,(anonymous_9)
FN:111,(anonymous_10)
FNF:7
FNH:7
FNDA:14,(anonymous_4)
FNDA:1,(anonymous_5)
FNDA:1,(anonymous_6)
FNDA:1,(anonymous_7)
FNDA:1,(anonymous_8)
FNDA:1,(anonymous_9)
FNDA:1,(anonymous_10)
DA:1,3
DA:15,3
DA:16,3
DA:17,3
DA:18,3
DA:19,3
DA:20,3
DA:22,3
DA:29,3
DA:30,14
DA:32,14
DA:41,3
DA:42,1
DA:43,1
DA:48,1
DA:49,1
DA:59,3
DA:60,1
DA:72,3
DA:73,1
DA:74,1
DA:75,1
DA:86,3
DA:87,1
DA:88,1
DA:99,3
DA:100,1
DA:101,1
DA:111,3
DA:112,1
DA:113,1
LF:31
LH:31
BRDA:73,0,0,1
BRDA:73,0,1,0
BRDA:73,1,0,1
BRDA:73,1,1,1
BRDA:88,2,0,1
BRDA:88,2,1,0
BRDA:88,3,0,1
BRDA:88,3,1,1
BRDA:101,4,0,1
BRDA:101,4,1,0
BRDA:101,5,0,1
BRDA:101,5,1,1
BRF:12
BRH:9
end_of_record
TN:
SF:src/web/rest/user.controller.ts
FN:32,(anonymous_4)
FN:42,(anonymous_5)
FN:63,(anonymous_6)
FN:78,(anonymous_7)
FN:104,(anonymous_8)
FN:116,(anonymous_9)
FNF:6
FNH:5
FNDA:14,(anonymous_4)
FNDA:0,(anonymous_5)
FNDA:1,(anonymous_6)
FNDA:1,(anonymous_7)
FNDA:1,(anonymous_8)
FNDA:1,(anonymous_9)
DA:1,3
DA:15,3
DA:16,3
DA:17,3
DA:18,3
DA:20,3
DA:21,3
DA:22,3
DA:29,3
DA:30,14
DA:32,14
DA:42,3
DA:43,0
DA:44,0
DA:45,0
DA:50,0
DA:51,0
DA:63,3
DA:64,1
DA:65,1
DA:66,1
DA:67,1
DA:78,3
DA:79,1
DA:80,1
DA:81,1
DA:82,1
DA:83,1
DA:85,0
DA:87,1
DA:88,1
DA:89,1
DA:91,0
DA:93,1
DA:104,3
DA:105,1
DA:116,3
DA:117,1
DA:118,1
DA:119,1
LF:40
LH:33
BRDA:65,0,0,1
BRDA:65,0,1,0
BRDA:65,1,0,1
BRDA:65,1,1,1
BRDA:81,2,0,1
BRDA:81,2,1,0
BRDA:81,3,0,1
BRDA:81,3,1,1
BRDA:87,4,0,1
BRDA:87,4,1,0
BRDA:87,5,0,1
BRDA:87,5,1,1
BRDA:88,6,0,1
BRDA:88,6,1,0
BRF:14
BRH:10
end_of_record
TN:
SF:src/web/rest/user.jwt.controller.ts
FN:14,(anonymous_4)
FN:22,(anonymous_5)
FNF:2
FNH:1
FNDA:14,(anonymous_4)
FNDA:0,(anonymous_5)
DA:1,3
DA:3,3
DA:4,3
DA:5,3
DA:6,3
DA:11,3
DA:12,14
DA:14,14
DA:22,3
DA:23,0
DA:24,0
DA:25,0
LF:12
LH:9
BRF:0
BRH:0
end_of_record
